TN:
SF:/home/kali/Documents/CalcGTest/ICalculator.h
FNL:0,13,13
FNA:0,0,_ZN4calc11ICalculatorD0Ev
FNA:0,26,_ZN4calc11ICalculatorD2Ev
FNF:1
FNH:1
DA:13,26
LF:1
LH:1
end_of_record
TN:
SF:/home/kali/Documents/CalcGTest/IHistory.h
FNL:0,14,14
FNA:0,0,_ZN4calc8IHistoryD0Ev
FNA:0,39,_ZN4calc8IHistoryD2Ev
FNF:1
FNH:1
DA:14,39
LF:1
LH:1
end_of_record
TN:
SF:/home/kali/Documents/CalcGTest/InMemoryHistory.cpp
FNL:0,13,17
FNA:0,12,_ZNK4calc15InMemoryHistory17GetLastOperationsB5cxx11Em
FNL:1,8,11
FNA:1,10013,_ZN4calc15InMemoryHistory8AddEntryERKNSt7__cxx1112basic_stringIcSt11char_traitsIcESaIcEEE
FNF:2
FNH:2
DA:8,10013
DA:10,10013
DA:11,10013
DA:13,12
DA:15,12
DA:16,36
LF:6
LH:6
end_of_record
TN:
SF:/home/kali/Documents/CalcGTest/InMemoryHistory.h
FNL:0,13,13
FNA:0,11,_ZN4calc15InMemoryHistoryC2Ev
FNF:1
FNH:1
DA:13,11
LF:1
LH:1
end_of_record
TN:
SF:/home/kali/Documents/CalcGTest/SimpleCalculator.cpp
FNL:0,13,18
FNA:0,24,_ZN4calc16SimpleCalculatorC2ERNS_8IHistoryE
FNL:1,20,24
FNA:1,4,_ZN4calc16SimpleCalculator10SetHistoryERNS_8IHistoryE
FNL:2,26,39
FNA:2,12,_ZN4calc16SimpleCalculator3AddEii
FNL:3,41,54
FNA:3,5,_ZN4calc16SimpleCalculator8SubtractEii
FNL:4,56,78
FNA:4,7,_ZN4calc16SimpleCalculator8MultiplyEii
FNL:5,80,90
FNA:5,7,_ZN4calc16SimpleCalculator6DivideEii
FNL:6,92,98
FNA:6,27,_ZN4calc16SimpleCalculator12LogOperationEiPKcii
FNF:7
FNH:7
DA:13,24
DA:16,24
DA:18,24
DA:20,4
DA:23,4
DA:24,4
DA:26,12
DA:29,12
DA:30,1
DA:32,11
DA:33,0
DA:36,11
DA:37,11
DA:38,11
DA:41,5
DA:44,5
DA:45,0
DA:47,5
DA:48,1
DA:51,4
DA:52,4
DA:53,4
DA:56,7
DA:59,7
DA:61,6
DA:62,1
DA:64,5
DA:65,0
DA:67,5
DA:68,0
DA:70,5
DA:71,0
DA:75,6
DA:76,6
DA:77,6
DA:80,7
DA:83,7
DA:84,1
DA:87,6
DA:88,6
DA:89,6
DA:92,27
DA:94,27
DA:95,27
DA:97,27
DA:98,27
LF:46
LH:41
end_of_record
TN:
SF:/home/kali/Documents/CalcGTest/SimpleCalculator.h
FNF:0
FNH:0
LF:0
LH:0
end_of_record
TN:
SF:/home/kali/Documents/CalcGTest/SimpleCalculatorTest.cpp
FNL:0,107,117
FNA:0,1,_ZN4calc49InMemoryHistoryTest_AddEntry_StoresCorrectly_Test8TestBodyEv
FNA:0,1,_ZN4calc49InMemoryHistoryTest_AddEntry_StoresCorrectly_TestC2Ev
FNA:0,1,_ZN4calc49InMemoryHistoryTest_AddEntry_StoresCorrectly_TestD0Ev
FNA:0,1,_ZN4calc49InMemoryHistoryTest_AddEntry_StoresCorrectly_TestD2Ev
FNL:1,119,130
FNA:1,1,_ZN4calc56InMemoryHistoryTest_GetLastOperations_RespectsCount_Test8TestBodyEv
FNA:1,1,_ZN4calc56InMemoryHistoryTest_GetLastOperations_RespectsCount_TestC2Ev
FNA:1,1,_ZN4calc56InMemoryHistoryTest_GetLastOperations_RespectsCount_TestD0Ev
FNA:1,1,_ZN4calc56InMemoryHistoryTest_GetLastOperations_RespectsCount_TestD2Ev
FNL:2,132,140
FNA:2,1,_ZN4calc60InMemoryHistoryTest_GetLastOperations_MoreThanAvailable_Test8TestBodyEv
FNA:2,1,_ZN4calc60InMemoryHistoryTest_GetLastOperations_MoreThanAvailable_TestC2Ev
FNA:2,1,_ZN4calc60InMemoryHistoryTest_GetLastOperations_MoreThanAvailable_TestD0Ev
FNA:2,1,_ZN4calc60InMemoryHistoryTest_GetLastOperations_MoreThanAvailable_TestD2Ev
FNL:3,142,146
FNA:3,1,_ZN4calc59SimpleCalculatorTest_Divide_FractionalResult_Truncates_Test8TestBodyEv
FNA:3,1,_ZN4calc59SimpleCalculatorTest_Divide_FractionalResult_Truncates_TestC2Ev
FNA:3,1,_ZN4calc59SimpleCalculatorTest_Divide_FractionalResult_Truncates_TestD0Ev
FNA:3,1,_ZN4calc59SimpleCalculatorTest_Divide_FractionalResult_Truncates_TestD2Ev
FNL:4,148,158
FNA:4,1,_ZN4calc47InMemoryHistoryTest_History_NoLimitDefined_Test8TestBodyEv
FNA:4,1,_ZN4calc47InMemoryHistoryTest_History_NoLimitDefined_TestC2Ev
FNA:4,1,_ZN4calc47InMemoryHistoryTest_History_NoLimitDefined_TestD0Ev
FNA:4,1,_ZN4calc47InMemoryHistoryTest_History_NoLimitDefined_TestD2Ev
FNL:5,160,176
FNA:5,1,_ZN4calc59MockCalculatorTest_CalculatorMock_InteractsWithHistory_Test8TestBodyEv
FNA:5,1,_ZN4calc59MockCalculatorTest_CalculatorMock_InteractsWithHistory_TestC2Ev
FNA:5,1,_ZN4calc59MockCalculatorTest_CalculatorMock_InteractsWithHistory_TestD0Ev
FNA:5,1,_ZN4calc59MockCalculatorTest_CalculatorMock_InteractsWithHistory_TestD2Ev
FNL:6,17,17
FNA:6,27,_ZN4calc11MockHistory14gmock_AddEntryERKN7testing7MatcherIRKNSt7__cxx1112basic_stringIcSt11char_traitsIcESaIcEEEEE
FNA:6,27,_ZN4calc11MockHistory8AddEntryERKNSt7__cxx1112basic_stringIcSt11char_traitsIcESaIcEEE
FNL:7,178,182
FNA:7,1,_ZN4calc45SimpleCalculatorTest_Add_NegativeNumbers_Test8TestBodyEv
FNA:7,1,_ZN4calc45SimpleCalculatorTest_Add_NegativeNumbers_TestC2Ev
FNA:7,1,_ZN4calc45SimpleCalculatorTest_Add_NegativeNumbers_TestD0Ev
FNA:7,1,_ZN4calc45SimpleCalculatorTest_Add_NegativeNumbers_TestD2Ev
FNL:8,18,18
FNA:8,0,_ZNK4calc11MockHistory17GetLastOperationsB5cxx11Em
FNL:9,184,188
FNA:9,1,_ZN4calc50SimpleCalculatorTest_Subtract_NegativeNumbers_Test8TestBodyEv
FNA:9,1,_ZN4calc50SimpleCalculatorTest_Subtract_NegativeNumbers_TestC2Ev
FNA:9,1,_ZN4calc50SimpleCalculatorTest_Subtract_NegativeNumbers_TestD0Ev
FNA:9,1,_ZN4calc50SimpleCalculatorTest_Subtract_NegativeNumbers_TestD2Ev
FNL:10,190,194
FNA:10,1,_ZN4calc50SimpleCalculatorTest_Multiply_NegativeNumbers_Test8TestBodyEv
FNA:10,1,_ZN4calc50SimpleCalculatorTest_Multiply_NegativeNumbers_TestC2Ev
FNA:10,1,_ZN4calc50SimpleCalculatorTest_Multiply_NegativeNumbers_TestD0Ev
FNA:10,1,_ZN4calc50SimpleCalculatorTest_Multiply_NegativeNumbers_TestD2Ev
FNL:11,196,200
FNA:11,1,_ZN4calc48SimpleCalculatorTest_Divide_NegativeNumbers_Test8TestBodyEv
FNA:11,1,_ZN4calc48SimpleCalculatorTest_Divide_NegativeNumbers_TestC2Ev
FNA:11,1,_ZN4calc48SimpleCalculatorTest_Divide_NegativeNumbers_TestD0Ev
FNA:11,1,_ZN4calc48SimpleCalculatorTest_Divide_NegativeNumbers_TestD2Ev
FNL:12,202,205
FNA:12,1,_ZN4calc45SimpleCalculatorTest_Add_Overflow_Throws_Test8TestBodyEv
FNA:12,1,_ZN4calc45SimpleCalculatorTest_Add_Overflow_Throws_TestC2Ev
FNA:12,1,_ZN4calc45SimpleCalculatorTest_Add_Overflow_Throws_TestD0Ev
FNA:12,1,_ZN4calc45SimpleCalculatorTest_Add_Overflow_Throws_TestD2Ev
FNL:13,207,211
FNA:13,1,_ZN4calc34SimpleCalculatorTest_Add_Zero_Test8TestBodyEv
FNA:13,1,_ZN4calc34SimpleCalculatorTest_Add_Zero_TestC2Ev
FNA:13,1,_ZN4calc34SimpleCalculatorTest_Add_Zero_TestD0Ev
FNA:13,1,_ZN4calc34SimpleCalculatorTest_Add_Zero_TestD2Ev
FNL:14,213,217
FNA:14,1,_ZN4calc39SimpleCalculatorTest_Multiply_Zero_Test8TestBodyEv
FNA:14,1,_ZN4calc39SimpleCalculatorTest_Multiply_Zero_TestC2Ev
FNA:14,1,_ZN4calc39SimpleCalculatorTest_Multiply_Zero_TestD0Ev
FNA:14,1,_ZN4calc39SimpleCalculatorTest_Multiply_Zero_TestD2Ev
FNL:15,219,224
FNA:15,1,_ZN4calc55InMemoryHistoryTest_GetLastOperations_EmptyHistory_Test8TestBodyEv
FNA:15,1,_ZN4calc55InMemoryHistoryTest_GetLastOperations_EmptyHistory_TestC2Ev
FNA:15,1,_ZN4calc55InMemoryHistoryTest_GetLastOperations_EmptyHistory_TestD0Ev
FNA:15,1,_ZN4calc55InMemoryHistoryTest_GetLastOperations_EmptyHistory_TestD2Ev
FNL:16,226,232
FNA:16,1,_ZN4calc52InMemoryHistoryTest_GetLastOperations_ZeroCount_Test8TestBodyEv
FNA:16,1,_ZN4calc52InMemoryHistoryTest_GetLastOperations_ZeroCount_TestC2Ev
FNA:16,1,_ZN4calc52InMemoryHistoryTest_GetLastOperations_ZeroCount_TestD0Ev
FNA:16,1,_ZN4calc52InMemoryHistoryTest_GetLastOperations_ZeroCount_TestD2Ev
FNL:17,234,238
FNA:17,1,_ZN4calc42SimpleCalculatorTest_Add_MixedNumbers_Test8TestBodyEv
FNA:17,1,_ZN4calc42SimpleCalculatorTest_Add_MixedNumbers_TestC2Ev
FNA:17,1,_ZN4calc42SimpleCalculatorTest_Add_MixedNumbers_TestD0Ev
FNA:17,1,_ZN4calc42SimpleCalculatorTest_Add_MixedNumbers_TestD2Ev
FNL:18,240,244
FNA:18,1,_ZN4calc47SimpleCalculatorTest_Subtract_MixedNumbers_Test8TestBodyEv
FNA:18,1,_ZN4calc47SimpleCalculatorTest_Subtract_MixedNumbers_TestC2Ev
FNA:18,1,_ZN4calc47SimpleCalculatorTest_Subtract_MixedNumbers_TestD0Ev
FNA:18,1,_ZN4calc47SimpleCalculatorTest_Subtract_MixedNumbers_TestD2Ev
FNL:19,246,250
FNA:19,1,_ZN4calc50SimpleCalculatorTest_Subtract_Overflow_Throws_Test8TestBodyEv
FNA:19,1,_ZN4calc50SimpleCalculatorTest_Subtract_Overflow_Throws_TestC2Ev
FNA:19,1,_ZN4calc50SimpleCalculatorTest_Subtract_Overflow_Throws_TestD0Ev
FNA:19,1,_ZN4calc50SimpleCalculatorTest_Subtract_Overflow_Throws_TestD2Ev
FNL:20,25,25
FNA:20,2,_ZN4calc14MockCalculator10SetHistoryERNS_8IHistoryE
FNA:20,2,_ZN4calc14MockCalculator16gmock_SetHistoryERKN7testing7MatcherIRNS_8IHistoryEEE
FNL:21,252,256
FNA:21,1,_ZN4calc50SimpleCalculatorTest_Multiply_Overflow_Throws_Test8TestBodyEv
FNA:21,1,_ZN4calc50SimpleCalculatorTest_Multiply_Overflow_Throws_TestC2Ev
FNA:21,1,_ZN4calc50SimpleCalculatorTest_Multiply_Overflow_Throws_TestD0Ev
FNA:21,1,_ZN4calc50SimpleCalculatorTest_Multiply_Overflow_Throws_TestD2Ev
FNL:22,258,267
FNA:22,1,_ZN4calc47SimpleCalculatorTest_Divide_BoundaryValues_Test8TestBodyEv
FNA:22,1,_ZN4calc47SimpleCalculatorTest_Divide_BoundaryValues_TestC2Ev
FNA:22,1,_ZN4calc47SimpleCalculatorTest_Divide_BoundaryValues_TestD0Ev
FNA:22,1,_ZN4calc47SimpleCalculatorTest_Divide_BoundaryValues_TestD2Ev
FNL:23,26,26
FNA:23,2,_ZN4calc14MockCalculator3AddEii
FNA:23,2,_ZN4calc14MockCalculator9gmock_AddERKN7testing7MatcherIiEES5_
FNL:24,269,286
FNA:24,1,_ZN4calc50SimpleCalculatorTest_SetHistory_MultipleCalls_Test8TestBodyEv
FNA:24,1,_ZN4calc50SimpleCalculatorTest_SetHistory_MultipleCalls_TestC2Ev
FNA:24,1,_ZN4calc50SimpleCalculatorTest_SetHistory_MultipleCalls_TestD0Ev
FNA:24,1,_ZN4calc50SimpleCalculatorTest_SetHistory_MultipleCalls_TestD2Ev
FNL:25,27,27
FNA:25,1,_ZN4calc14MockCalculator14gmock_SubtractERKN7testing7MatcherIiEES5_
FNA:25,1,_ZN4calc14MockCalculator8SubtractEii
FNL:26,28,28
FNA:26,0,_ZN4calc14MockCalculator8MultiplyEii
FNL:27,288,300
FNA:27,1,_ZN4calc55InMemoryHistoryTest_GetLastOperations_InvalidCount_Test8TestBodyEv
FNA:27,1,_ZN4calc55InMemoryHistoryTest_GetLastOperations_InvalidCount_TestC2Ev
FNA:27,1,_ZN4calc55InMemoryHistoryTest_GetLastOperations_InvalidCount_TestD0Ev
FNA:27,1,_ZN4calc55InMemoryHistoryTest_GetLastOperations_InvalidCount_TestD2Ev
FNL:28,29,29
FNA:28,0,_ZN4calc14MockCalculator6DivideEii
FNL:29,302,306
FNA:29,1,_ZN4calc46SimpleCalculatorTest_Divide_ZeroNumerator_Test8TestBodyEv
FNA:29,1,_ZN4calc46SimpleCalculatorTest_Divide_ZeroNumerator_TestC2Ev
FNA:29,1,_ZN4calc46SimpleCalculatorTest_Divide_ZeroNumerator_TestD0Ev
FNA:29,1,_ZN4calc46SimpleCalculatorTest_Divide_ZeroNumerator_TestD2Ev
FNL:30,308,329
FNA:30,1,_ZN4calc57MockCalculatorTest_CalculatorMock_MultipleOperations_Test8TestBodyEv
FNA:30,1,_ZN4calc57MockCalculatorTest_CalculatorMock_MultipleOperations_TestC2Ev
FNA:30,1,_ZN4calc57MockCalculatorTest_CalculatorMock_MultipleOperations_TestD0Ev
FNA:30,1,_ZN4calc57MockCalculatorTest_CalculatorMock_MultipleOperations_TestD2Ev
FNL:31,331,339
FNA:31,1,_ZN4calc45InMemoryHistoryTest_AddEntry_EmptyString_Test8TestBodyEv
FNA:31,1,_ZN4calc45InMemoryHistoryTest_AddEntry_EmptyString_TestC2Ev
FNA:31,1,_ZN4calc45InMemoryHistoryTest_AddEntry_EmptyString_TestD0Ev
FNA:31,1,_ZN4calc45InMemoryHistoryTest_AddEntry_EmptyString_TestD2Ev
FNL:32,341,349
FNA:32,1,_ZN4calc64InMemoryHistoryTest_GetLastOperations_SingleEntryLargeCount_Test8TestBodyEv
FNA:32,1,_ZN4calc64InMemoryHistoryTest_GetLastOperations_SingleEntryLargeCount_TestC2Ev
FNA:32,1,_ZN4calc64InMemoryHistoryTest_GetLastOperations_SingleEntryLargeCount_TestD0Ev
FNA:32,1,_ZN4calc64InMemoryHistoryTest_GetLastOperations_SingleEntryLargeCount_TestD2Ev
FNL:33,39,43
FNA:33,1,_ZN4calc43SimpleCalculatorTest_Add_CorrectResult_Test8TestBodyEv
FNA:33,1,_ZN4calc43SimpleCalculatorTest_Add_CorrectResult_TestC2Ev
FNA:33,1,_ZN4calc43SimpleCalculatorTest_Add_CorrectResult_TestD0Ev
FNA:33,1,_ZN4calc43SimpleCalculatorTest_Add_CorrectResult_TestD2Ev
FNL:34,45,49
FNA:34,1,_ZN4calc48SimpleCalculatorTest_Subtract_CorrectResult_Test8TestBodyEv
FNA:34,1,_ZN4calc48SimpleCalculatorTest_Subtract_CorrectResult_TestC2Ev
FNA:34,1,_ZN4calc48SimpleCalculatorTest_Subtract_CorrectResult_TestD0Ev
FNA:34,1,_ZN4calc48SimpleCalculatorTest_Subtract_CorrectResult_TestD2Ev
FNL:35,51,55
FNA:35,1,_ZN4calc48SimpleCalculatorTest_Multiply_CorrectResult_Test8TestBodyEv
FNA:35,1,_ZN4calc48SimpleCalculatorTest_Multiply_CorrectResult_TestC2Ev
FNA:35,1,_ZN4calc48SimpleCalculatorTest_Multiply_CorrectResult_TestD0Ev
FNA:35,1,_ZN4calc48SimpleCalculatorTest_Multiply_CorrectResult_TestD2Ev
FNL:36,57,61
FNA:36,1,_ZN4calc46SimpleCalculatorTest_Divide_CorrectResult_Test8TestBodyEv
FNA:36,1,_ZN4calc46SimpleCalculatorTest_Divide_CorrectResult_TestC2Ev
FNA:36,1,_ZN4calc46SimpleCalculatorTest_Divide_CorrectResult_TestD0Ev
FNA:36,1,_ZN4calc46SimpleCalculatorTest_Divide_CorrectResult_TestD2Ev
FNL:37,63,66
FNA:37,1,_ZN4calc46SimpleCalculatorTest_Divide_ByZero_Throws_Test8TestBodyEv
FNA:37,1,_ZN4calc46SimpleCalculatorTest_Divide_ByZero_Throws_TestC2Ev
FNA:37,1,_ZN4calc46SimpleCalculatorTest_Divide_ByZero_Throws_TestD0Ev
FNA:37,1,_ZN4calc46SimpleCalculatorTest_Divide_ByZero_Throws_TestD2Ev
FNL:38,68,75
FNA:38,1,_ZN4calc44SimpleCalculatorTest_Add_BoundaryValues_Test8TestBodyEv
FNA:38,1,_ZN4calc44SimpleCalculatorTest_Add_BoundaryValues_TestC2Ev
FNA:38,1,_ZN4calc44SimpleCalculatorTest_Add_BoundaryValues_TestD0Ev
FNA:38,1,_ZN4calc44SimpleCalculatorTest_Add_BoundaryValues_TestD2Ev
FNL:39,77,84
FNA:39,1,_ZN4calc49SimpleCalculatorTest_Multiply_BoundaryValues_Test8TestBodyEv
FNA:39,1,_ZN4calc49SimpleCalculatorTest_Multiply_BoundaryValues_TestC2Ev
FNA:39,1,_ZN4calc49SimpleCalculatorTest_Multiply_BoundaryValues_TestD0Ev
FNA:39,1,_ZN4calc49SimpleCalculatorTest_Multiply_BoundaryValues_TestD2Ev
FNL:40,86,96
FNA:40,1,_ZN4calc58SimpleCalculatorTest_MultipleOperations_LogsCorrectly_Test8TestBodyEv
FNA:40,1,_ZN4calc58SimpleCalculatorTest_MultipleOperations_LogsCorrectly_TestC2Ev
FNA:40,1,_ZN4calc58SimpleCalculatorTest_MultipleOperations_LogsCorrectly_TestD0Ev
FNA:40,1,_ZN4calc58SimpleCalculatorTest_MultipleOperations_LogsCorrectly_TestD2Ev
FNL:41,98,105
FNA:41,1,_ZN4calc53SimpleCalculatorTest_SetHistory_LogsToNewHistory_Test8TestBodyEv
FNA:41,1,_ZN4calc53SimpleCalculatorTest_SetHistory_LogsToNewHistory_TestC2Ev
FNA:41,1,_ZN4calc53SimpleCalculatorTest_SetHistory_LogsToNewHistory_TestD0Ev
FNA:41,1,_ZN4calc53SimpleCalculatorTest_SetHistory_LogsToNewHistory_TestD2Ev
FNF:42
FNH:39
DA:17,54
DA:18,0
DA:25,4
DA:26,4
DA:27,2
DA:28,0
DA:29,0
DA:39,4
DA:41,1
DA:42,1
DA:43,1
DA:45,4
DA:47,1
DA:48,1
DA:49,1
DA:51,4
DA:53,1
DA:54,1
DA:55,1
DA:57,4
DA:59,1
DA:60,1
DA:61,1
DA:63,4
DA:65,1
DA:66,1
DA:68,4
DA:70,1
DA:71,1
DA:73,1
DA:74,1
DA:75,1
DA:77,4
DA:79,1
DA:80,1
DA:82,1
DA:83,1
DA:84,1
DA:86,4
DA:88,1
DA:89,1
DA:90,1
DA:91,1
DA:93,1
DA:94,1
DA:95,1
DA:96,1
DA:98,4
DA:100,1
DA:101,1
DA:103,1
DA:104,1
DA:105,1
DA:107,4
DA:109,1
DA:110,2
DA:111,1
DA:113,1
DA:114,1
DA:115,1
DA:116,1
DA:117,1
DA:119,4
DA:121,1
DA:122,2
DA:123,2
DA:124,1
DA:126,1
DA:127,1
DA:128,1
DA:129,1
DA:130,1
DA:132,4
DA:134,1
DA:135,1
DA:137,1
DA:138,1
DA:139,1
DA:140,1
DA:142,4
DA:144,1
DA:145,1
DA:146,1
DA:148,4
DA:150,1
DA:151,10001
DA:153,20000
DA:156,1
DA:157,1
DA:158,1
DA:160,4
DA:162,1
DA:163,1
DA:165,1
DA:166,1
DA:168,1
DA:169,1
DA:170,1
DA:172,1
DA:173,1
DA:174,1
DA:175,1
DA:176,1
DA:178,4
DA:180,1
DA:181,1
DA:182,1
DA:184,4
DA:186,1
DA:187,1
DA:188,1
DA:190,4
DA:192,1
DA:193,1
DA:194,1
DA:196,4
DA:198,1
DA:199,1
DA:200,1
DA:202,4
DA:204,1
DA:205,1
DA:207,4
DA:209,1
DA:210,1
DA:211,1
DA:213,4
DA:215,1
DA:216,1
DA:217,1
DA:219,4
DA:221,1
DA:222,1
DA:223,1
DA:224,1
DA:226,4
DA:228,1
DA:229,1
DA:230,1
DA:231,1
DA:232,1
DA:234,4
DA:236,1
DA:237,1
DA:238,1
DA:240,4
DA:242,1
DA:243,1
DA:244,1
DA:246,4
DA:248,1
DA:249,1
DA:250,1
DA:252,4
DA:254,1
DA:255,1
DA:256,1
DA:258,4
DA:260,1
DA:261,1
DA:262,1
DA:263,1
DA:265,1
DA:266,1
DA:267,1
DA:269,4
DA:271,1
DA:272,1
DA:273,1
DA:275,1
DA:276,1
DA:277,1
DA:278,1
DA:280,1
DA:281,1
DA:282,1
DA:283,1
DA:284,1
DA:285,1
DA:286,1
DA:288,4
DA:290,1
DA:291,1
DA:293,1
DA:294,1
DA:295,1
DA:297,1
DA:298,1
DA:299,1
DA:300,1
DA:302,4
DA:304,1
DA:305,1
DA:306,1
DA:308,4
DA:310,1
DA:311,1
DA:313,1
DA:314,1
DA:315,1
DA:316,1
DA:318,1
DA:319,1
DA:320,1
DA:322,2
DA:323,1
DA:325,1
DA:326,1
DA:327,1
DA:328,1
DA:329,1
DA:331,4
DA:333,1
DA:334,1
DA:336,1
DA:337,1
DA:338,1
DA:339,1
DA:341,4
DA:343,1
DA:344,1
DA:346,1
DA:347,1
DA:348,1
DA:349,1
LF:225
LH:222
end_of_record
TN:
SF:/usr/include/c++/14/bits/alloc_traits.h
FNF:0
FNH:0
DA:515,96
DA:550,71
DA:575,26446
DA:581,26446
DA:601,16404
DA:613,165
DA:627,128
DA:706,6
DA:720,6
DA:800,2
DA:804,2
DA:837,66
DA:993,211
DA:994,211
LF:14
LH:14
end_of_record
TN:
SF:/usr/include/c++/14/bits/allocated_ptr.h
FNL:0,53,55
FNA:0,6,_ZNSt15__allocated_ptrISaISt23_Sp_counted_ptr_inplaceIN7testing10OnceActionIFiiiEE23IgnoreIncomingArgumentsINS1_8internal12ReturnActionIiE4ImplIiEEEESaIvELN9__gnu_cxx12_Lock_policyE2EEEEC2ERSG_PSF_
FNA:0,6,_ZNSt15__allocated_ptrISaISt23_Sp_counted_ptr_inplaceIN7testing10OnceActionIFiiiEEESaIvELN9__gnu_cxx12_Lock_policyE2EEEEC2ERS9_PS8_
FNL:1,71,75
FNA:1,6,_ZNSt15__allocated_ptrISaISt23_Sp_counted_ptr_inplaceIN7testing10OnceActionIFiiiEE23IgnoreIncomingArgumentsINS1_8internal12ReturnActionIiE4ImplIiEEEESaIvELN9__gnu_cxx12_Lock_policyE2EEEED2Ev
FNA:1,6,_ZNSt15__allocated_ptrISaISt23_Sp_counted_ptr_inplaceIN7testing10OnceActionIFiiiEEESaIvELN9__gnu_cxx12_Lock_policyE2EEEED2Ev
FNL:2,79,83
FNA:2,3,_ZNSt15__allocated_ptrISaISt23_Sp_counted_ptr_inplaceIN7testing10OnceActionIFiiiEE23IgnoreIncomingArgumentsINS1_8internal12ReturnActionIiE4ImplIiEEEESaIvELN9__gnu_cxx12_Lock_policyE2EEEEaSEDn
FNA:2,3,_ZNSt15__allocated_ptrISaISt23_Sp_counted_ptr_inplaceIN7testing10OnceActionIFiiiEEESaIvELN9__gnu_cxx12_Lock_policyE2EEEEaSEDn
FNL:3,86,86
FNA:3,3,_ZNSt15__allocated_ptrISaISt23_Sp_counted_ptr_inplaceIN7testing10OnceActionIFiiiEE23IgnoreIncomingArgumentsINS1_8internal12ReturnActionIiE4ImplIiEEEESaIvELN9__gnu_cxx12_Lock_policyE2EEEE3getEv
FNA:3,3,_ZNSt15__allocated_ptrISaISt23_Sp_counted_ptr_inplaceIN7testing10OnceActionIFiiiEEESaIvELN9__gnu_cxx12_Lock_policyE2EEEE3getEv
FNL:4,96,99
FNA:4,3,_ZSt18__allocate_guardedISaISt23_Sp_counted_ptr_inplaceIN7testing10OnceActionIFiiiEE23IgnoreIncomingArgumentsINS1_8internal12ReturnActionIiE4ImplIiEEEESaIvELN9__gnu_cxx12_Lock_policyE2EEEESt15__allocated_ptrIT_ERSI_
FNA:4,3,_ZSt18__allocate_guardedISaISt23_Sp_counted_ptr_inplaceIN7testing10OnceActionIFiiiEEESaIvELN9__gnu_cxx12_Lock_policyE2EEEESt15__allocated_ptrIT_ERSB_
FNF:5
FNH:5
DA:53,12
DA:54,12
DA:55,12
DA:71,12
DA:73,12
DA:74,6
DA:75,12
DA:79,6
DA:81,6
DA:82,6
DA:86,6
DA:96,6
DA:98,6
LF:13
LH:13
end_of_record
TN:
SF:/usr/include/c++/14/bits/allocator.h
FNF:0
FNH:0
DA:161,10351
DA:166,158
DA:176,12
DA:182,10406
DA:215,0
LF:5
LH:4
end_of_record
TN:
SF:/usr/include/c++/14/bits/atomic_base.h
FNF:0
FNH:0
DA:631,81
DA:641,108
LF:2
LH:2
end_of_record
TN:
SF:/usr/include/c++/14/bits/basic_string.h
FNL:0,3573,3586
FNA:0,128,_ZSt12__str_concatINSt7__cxx1112basic_stringIcSt11char_traitsIcESaIcEEEET_PKNS6_10value_typeENS6_9size_typeES9_SA_RKNS6_14allocator_typeE
FNL:1,3652,3660
FNA:1,128,_ZStplIcSt11char_traitsIcESaIcEENSt7__cxx1112basic_stringIT_T0_T1_EERKS8_PKS5_
FNL:2,3696,3714
FNA:2,34,_ZStplIcSt11char_traitsIcESaIcEENSt7__cxx1112basic_stringIT_T0_T1_EEOS8_S9_
FNL:3,3719,3721
FNA:3,0,_ZStplIcSt11char_traitsIcESaIcEENSt7__cxx1112basic_stringIT_T0_T1_EEPKS5_OS8_
FNL:4,3733,3735
FNA:4,184,_ZStplIcSt11char_traitsIcESaIcEENSt7__cxx1112basic_stringIT_T0_T1_EEOS8_PKS5_
FNL:5,3772,3777
FNA:5,142,_ZSteqIcSt11char_traitsIcESaIcEEbRKNSt7__cxx1112basic_stringIT_T0_T1_EEPKS5_
FNL:6,4240,4255
FNA:6,4,_ZNSt7__cxx119to_stringEi
FNL:7,4249,4253
FNA:7,4,_ZZNSt7__cxx119to_stringEiENKUlPcmE_clES0_m
FNL:8,646,655
FNA:8,10325,_ZNSt7__cxx1112basic_stringIcSt11char_traitsIcESaIcEEC2IS3_EEPKcRKS3_
FNF:9
FNH:8
DA:360,10124
DA:646,10325
DA:647,10325
DA:650,10325
DA:651,0
DA:653,10325
DA:654,10325
DA:655,10325
DA:3573,128
DA:3581,128
DA:3582,128
DA:3583,128
DA:3584,128
DA:3585,128
DA:3586,0
DA:3652,128
DA:3659,256
DA:3696,34
DA:3701,34
DA:3703,34
DA:3706,34
DA:3709,34
DA:3710,34
DA:3711,0
DA:3713,34
DA:3719,0
DA:3721,0
DA:3733,184
DA:3735,184
DA:3772,142
DA:3775,142
DA:3776,142
DA:4240,4
DA:4245,4
DA:4246,4
DA:4247,4
DA:4248,4
DA:4249,4
DA:4250,4
DA:4251,4
DA:4252,4
DA:4254,4
LF:42
LH:37
end_of_record
TN:
SF:/usr/include/c++/14/bits/basic_string.tcc
FNL:0,221,252
FNA:0,10335,_ZNSt7__cxx1112basic_stringIcSt11char_traitsIcESaIcEE12_M_constructIPKcEEvT_S8_St20forward_iterator_tag
FNA:0,0,_ZNSt7__cxx1112basic_stringIcSt11char_traitsIcESaIcEE12_M_constructIPcEEvT_S7_St20forward_iterator_tag
FNL:1,239,239
FNA:1,10335,_ZZNSt7__cxx1112basic_stringIcSt11char_traitsIcESaIcEE12_M_constructIPKcEEvT_S8_St20forward_iterator_tagEN6_GuardC2EPS4_
FNA:1,0,_ZZNSt7__cxx1112basic_stringIcSt11char_traitsIcESaIcEE12_M_constructIPcEEvT_S7_St20forward_iterator_tagEN6_GuardC2EPS4_
FNL:2,242,242
FNA:2,10335,_ZZNSt7__cxx1112basic_stringIcSt11char_traitsIcESaIcEE12_M_constructIPKcEEvT_S8_St20forward_iterator_tagEN6_GuardD2Ev
FNA:2,0,_ZZNSt7__cxx1112basic_stringIcSt11char_traitsIcESaIcEE12_M_constructIPcEEvT_S7_St20forward_iterator_tagEN6_GuardD2Ev
FNL:3,583,613
FNA:3,4,_ZNSt7__cxx1112basic_stringIcSt11char_traitsIcESaIcEE22__resize_and_overwriteIZNS_9to_stringEiEUlPcmE_EEvmT_
FNL:4,597,597
FNA:4,4,_ZZNSt7__cxx1112basic_stringIcSt11char_traitsIcESaIcEE22__resize_and_overwriteIZNS_9to_stringEiEUlPcmE_EEvmT_EN11_TerminatorD2Ev
FNF:5
FNH:5
DA:221,10335
DA:225,10335
DA:227,10335
DA:229,211
DA:230,211
DA:239,10335
DA:242,10335
DA:245,10335
DA:247,10335
DA:249,10335
DA:251,10335
DA:252,10335
DA:583,4
DA:590,4
DA:591,4
DA:597,4
DA:601,4
DA:602,4
DA:610,4
DA:611,4
DA:612,0
DA:613,4
LF:22
LH:21
end_of_record
TN:
SF:/usr/include/c++/14/bits/char_traits.h
FNL:0,136,137
FNA:0,0,_ZN9__gnu_cxx11char_traitsIcE2eqERKcS3_
FNL:1,199,206
FNA:1,0,_ZN9__gnu_cxx11char_traitsIcE6lengthEPKc
FNL:2,358,363
FNA:2,0,_ZNSt11char_traitsIcE2ltERKcS2_
FNL:3,366,382
FNA:3,71,_ZNSt11char_traitsIcE7compareEPKcS2_m
FNL:4,385,392
FNA:4,10595,_ZNSt11char_traitsIcE6lengthEPKc
FNL:5,419,428
FNA:5,0,_ZNSt11char_traitsIcE4copyEPcPKcm
FNF:6
FNH:2
DA:136,0
DA:137,0
DA:199,0
DA:202,0
DA:203,0
DA:204,0
DA:205,0
DA:358,0
DA:361,0
DA:362,0
DA:366,71
DA:368,71
DA:369,1
DA:371,70
DA:373,0
DA:374,0
DA:375,0
DA:376,0
DA:377,0
DA:378,0
DA:381,70
DA:385,10595
DA:388,10595
DA:389,0
DA:391,10595
DA:419,0
DA:421,0
DA:422,0
DA:427,0
LF:29
LH:8
end_of_record
TN:
SF:/usr/include/c++/14/bits/charconv.h
FNL:0,55,74
FNA:0,4,_ZNSt8__detail14__to_chars_lenIjEEjT_i
FNL:1,81,110
FNA:1,4,_ZNSt8__detail18__to_chars_10_implIjEEvPcjT_
FNF:2
FNH:2
DA:55,4
DA:61,4
DA:62,4
DA:63,4
DA:64,4
DA:67,12
DA:68,12
DA:69,8
DA:70,8
DA:71,8
DA:72,8
DA:81,4
DA:87,4
DA:93,4
DA:94,20
DA:96,16
DA:97,16
DA:98,16
DA:99,16
DA:100,16
DA:102,4
DA:104,4
DA:105,4
DA:106,4
DA:109,0
DA:110,4
LF:26
LH:25
end_of_record
TN:
SF:/usr/include/c++/14/bits/invoke.h
FNL:0,104,117
FNA:0,3,_ZSt10__invoke_rIiRN7testing10OnceActionIFiiiEE18StdFunctionAdaptorINS3_23IgnoreIncomingArgumentsINS0_8internal12ReturnActionIiE4ImplIiEEEEEEJiiEENSt9enable_ifIX16is_invocable_r_vIT_T0_JDpT1_EEESF_E4typeEOSG_DpOSH_
FNA:0,3,_ZSt10__invoke_rIiRN7testing8internal16TypedExpectationIFiiiEE13ActionAdaptorEJiiEENSt9enable_ifIX16is_invocable_r_vIT_T0_JDpT1_EEES8_E4typeEOS9_DpOSA_
FNL:1,60,61
FNA:1,3,_ZSt13__invoke_implIiRN7testing10OnceActionIFiiiEE18StdFunctionAdaptorINS3_23IgnoreIncomingArgumentsINS0_8internal12ReturnActionIiE4ImplIiEEEEEEJiiEET_St14__invoke_otherOT0_DpOT1_
FNA:1,3,_ZSt13__invoke_implIiRN7testing8internal16TypedExpectationIFiiiEE13ActionAdaptorEJiiEET_St14__invoke_otherOT0_DpOT1_
FNF:2
FNH:2
DA:60,6
DA:61,6
DA:104,6
DA:114,6
DA:116,6
LF:5
LH:5
end_of_record
TN:
SF:/usr/include/c++/14/bits/move.h
FNL:0,137,138
FNA:0,3,_ZSt4moveIRN7testing10OnceActionIFiiiEE23IgnoreIncomingArgumentsINS0_8internal12ReturnActionIiE4ImplIiEEEEEONSt16remove_referenceIT_E4typeEOSD_
FNA:0,6,_ZSt4moveIRN7testing10OnceActionIFiiiEEEEONSt16remove_referenceIT_E4typeEOS6_
FNA:0,3,_ZSt4moveIRN7testing6ActionIFiiiEEEEONSt16remove_referenceIT_E4typeEOS6_
FNA:0,27,_ZSt4moveIRN7testing7MatcherIRKNSt7__cxx1112basic_stringIcSt11char_traitsIcESaIcEEEEEEONSt16remove_referenceIT_E4typeEOSD_
FNA:0,2,_ZSt4moveIRN7testing7MatcherIRN4calc8IHistoryEEEEONSt16remove_referenceIT_E4typeEOS8_
FNA:0,6,_ZSt4moveIRN7testing7MatcherIiEEEONSt16remove_referenceIT_E4typeEOS5_
FNA:0,3,_ZSt4moveIRN7testing8internal12ReturnActionIiE4ImplIiEEEONSt16remove_referenceIT_E4typeEOS8_
FNA:0,0,_ZSt4moveIRNSt12_Vector_baseINSt7__cxx1112basic_stringIcSt11char_traitsIcESaIcEEESaIS6_EE12_Vector_implEEONSt16remove_referenceIT_E4typeEOSC_
FNA:0,16834,_ZSt4moveIRNSt7__cxx1112basic_stringIcSt11char_traitsIcESaIcEEEEONSt16remove_referenceIT_E4typeEOS8_
FNA:0,9,_ZSt4moveIRPFbRSt9_Any_dataRKS0_St18_Manager_operationEEONSt16remove_referenceIT_E4typeEOS9_
FNA:0,9,_ZSt4moveIRPFiRKSt9_Any_dataOiS3_EEONSt16remove_referenceIT_E4typeEOS8_
FNA:0,3,_ZSt4moveIRPKvEONSt16remove_referenceIT_E4typeEOS4_
FNA:0,0,_ZSt4moveIRPNSt7__cxx1112basic_stringIcSt11char_traitsIcESaIcEEEEONSt16remove_referenceIT_E4typeEOS9_
FNA:0,125,_ZSt4moveIRPNSt7__cxx1118basic_stringstreamIcSt11char_traitsIcESaIcEEEEONSt16remove_referenceIT_E4typeEOS9_
FNA:0,2,_ZSt4moveIRSaINSt7__cxx1112basic_stringIcSt11char_traitsIcESaIcEEEEEONSt16remove_referenceIT_E4typeEOS9_
FNA:0,0,_ZSt4moveIRSaIcEEONSt16remove_referenceIT_E4typeEOS3_
FNA:0,3,_ZSt4moveIRSt10shared_ptrIN7testing10OnceActionIFiiiEE23IgnoreIncomingArgumentsINS1_8internal12ReturnActionIiE4ImplIiEEEEEEONSt16remove_referenceIT_E4typeEOSF_
FNA:0,3,_ZSt4moveIRSt10shared_ptrIN7testing10OnceActionIFiiiEEEEEONSt16remove_referenceIT_E4typeEOS8_
FNA:0,12,_ZSt4moveIRSt10shared_ptrIN7testing8internal15ExpectationBaseEEEONSt16remove_referenceIT_E4typeEOS7_
FNA:0,54,_ZSt4moveIRSt5tupleIJRKNSt7__cxx1112basic_stringIcSt11char_traitsIcESaIcEEEEEEONSt16remove_referenceIT_E4typeEOSC_
FNA:0,4,_ZSt4moveIRSt5tupleIJRN4calc8IHistoryEEEEONSt16remove_referenceIT_E4typeEOS7_
FNA:0,9,_ZSt4moveIRSt5tupleIJiiEEEONSt16remove_referenceIT_E4typeEOS4_
FNA:0,0,_ZSt4moveIRSt5tupleIJmEEEONSt16remove_referenceIT_E4typeEOS4_
FNA:0,2,_ZSt4moveIRSt6vectorINSt7__cxx1112basic_stringIcSt11char_traitsIcESaIcEEESaIS6_EEEONSt16remove_referenceIT_E4typeEOSB_
FNA:0,9,_ZSt4moveIRSt9_Any_dataEONSt16remove_referenceIT_E4typeEOS3_
FNA:0,4,_ZSt4moveIRZNSt7__cxx119to_stringEiEUlPcmE_EONSt16remove_referenceIT_E4typeEOS5_
FNA:0,59,_ZSt4moveIRiEONSt16remove_referenceIT_E4typeEOS2_
FNL:1,175,176
FNA:1,0,_ZSt9addressofIKN4calc8IHistoryEEPT_RS3_
FNL:2,226,237
FNA:2,3,_ZSt4swapIPFbRSt9_Any_dataRKS0_St18_Manager_operationEENSt9enable_ifIXsrSt6__and_IJSt6__not_ISt15__is_tuple_likeIT_EESt21is_move_constructibleISB_ESt18is_move_assignableISB_EEE5valueEvE4typeERSB_SL_
FNA:2,3,_ZSt4swapIPFiRKSt9_Any_dataOiS3_EENSt9enable_ifIXsrSt6__and_IJSt6__not_ISt15__is_tuple_likeIT_EESt21is_move_constructibleISA_ESt18is_move_assignableISA_EEE5valueEvE4typeERSA_SK_
FNA:2,3,_ZSt4swapISt9_Any_dataENSt9enable_ifIXsrSt6__and_IJSt6__not_ISt15__is_tuple_likeIT_EESt21is_move_constructibleIS5_ESt18is_move_assignableIS5_EEE5valueEvE4typeERS5_SF_
FNL:3,51,52
FNA:3,0,_ZSt11__addressofIKN4calc8IHistoryEEPT_RS3_
FNA:3,79235,_ZSt11__addressofINSt7__cxx1112basic_stringIcSt11char_traitsIcESaIcEEEEPT_RS6_
FNA:3,6,_ZSt11__addressofISaISt23_Sp_counted_ptr_inplaceIN7testing10OnceActionIFiiiEE23IgnoreIncomingArgumentsINS1_8internal12ReturnActionIiE4ImplIiEEEESaIvELN9__gnu_cxx12_Lock_policyE2EEEEPT_RSH_
FNA:3,6,_ZSt11__addressofISaISt23_Sp_counted_ptr_inplaceIN7testing10OnceActionIFiiiEEESaIvELN9__gnu_cxx12_Lock_policyE2EEEEPT_RSA_
FNA:3,50,_ZSt11__addressofISt10shared_ptrIN7testing8internal15ExpectationBaseEEEPT_RS5_
FNL:4,71,72
FNA:4,9,_ZSt7forwardIN7testing10OnceActionIFiiiEE18StdFunctionAdaptorINS3_23IgnoreIncomingArgumentsINS0_8internal12ReturnActionIiE4ImplIiEEEEEEEOT_RNSt16remove_referenceISD_E4typeE
FNA:4,27,_ZSt7forwardIN7testing10OnceActionIFiiiEE23IgnoreIncomingArgumentsINS0_8internal12ReturnActionIiE4ImplIiEEEEEOT_RNSt16remove_referenceISB_E4typeE
FNA:4,21,_ZSt7forwardIN7testing10OnceActionIFiiiEEEEOT_RNSt16remove_referenceIS4_E4typeE
FNA:4,108,_ZSt7forwardIN7testing7MatcherIRKNSt7__cxx1112basic_stringIcSt11char_traitsIcESaIcEEEEEEOT_RNSt16remove_referenceISB_E4typeE
FNA:4,8,_ZSt7forwardIN7testing7MatcherIRN4calc8IHistoryEEEEOT_RNSt16remove_referenceIS6_E4typeE
FNA:4,27,_ZSt7forwardIN7testing7MatcherIiEEEOT_RNSt16remove_referenceIS3_E4typeE
FNA:4,3,_ZSt7forwardIN7testing8internal12ReturnActionIiE4ImplIiEEEOT_RNSt16remove_referenceIS6_E4typeE
FNA:4,18,_ZSt7forwardIN7testing8internal16TypedExpectationIFiiiEE13ActionAdaptorEEOT_RNSt16remove_referenceIS6_E4typeE
FNA:4,18,_ZSt7forwardIN7testing8internal9EqMatcherIiEEEOT_RNSt16remove_referenceIS4_E4typeE
FNA:4,32846,_ZSt7forwardINSt7__cxx1112basic_stringIcSt11char_traitsIcESaIcEEEEOT_RNSt16remove_referenceIS6_E4typeE
FNA:4,0,_ZSt7forwardIPKN7testing8internal11MatcherBaseIRKSt5tupleIJRKNSt7__cxx1112basic_stringIcSt11char_traitsIcESaIcEEEEEEEEOT_RNSt16remove_referenceISI_E4typeE
FNA:4,0,_ZSt7forwardIPKN7testing8internal11MatcherBaseIRKSt5tupleIJRN4calc8IHistoryEEEEEEOT_RNSt16remove_referenceISD_E4typeE
FNA:4,0,_ZSt7forwardIPKN7testing8internal11MatcherBaseIRKSt5tupleIJiiEEEEEOT_RNSt16remove_referenceISA_E4typeE
FNA:4,0,_ZSt7forwardIPKN7testing8internal11MatcherBaseIRN4calc8IHistoryEEEEOT_RNSt16remove_referenceIS9_E4typeE
FNA:4,0,_ZSt7forwardIPKN7testing8internal11MatcherBaseIiEEEOT_RNSt16remove_referenceIS6_E4typeE
FNA:4,0,_ZSt7forwardIPKN7testing8internal15AnythingMatcherEEOT_RNSt16remove_referenceIS5_E4typeE
FNA:4,0,_ZSt7forwardIPKN7testing8internal9EqMatcherIiEEEOT_RNSt16remove_referenceIS6_E4typeE
FNA:4,12,_ZSt7forwardIPKvEOT_RNSt16remove_referenceIS2_E4typeE
FNA:4,0,_ZSt7forwardIRKN7testing10OnceActionIFiiiEE18StdFunctionAdaptorINS3_23IgnoreIncomingArgumentsINS0_8internal12ReturnActionIiE4ImplIiEEEEEEEOT_RNSt16remove_referenceISF_E4typeE
FNA:4,102,_ZSt7forwardIRKN7testing8internal15AnythingMatcherEEOT_RNSt16remove_referenceIS5_E4typeE
FNA:4,6,_ZSt7forwardIRKN7testing8internal16TypedExpectationIFiiiEE13ActionAdaptorEEOT_RNSt16remove_referenceIS8_E4typeE
FNA:4,30196,_ZSt7forwardIRKNSt7__cxx1112basic_stringIcSt11char_traitsIcESaIcEEEEOT_RNSt16remove_referenceIS8_E4typeE
FNA:4,96,_ZSt7forwardIRKSt10shared_ptrIN7testing8internal15ExpectationBaseEEEOT_RNSt16remove_referenceIS7_E4typeE
FNA:4,0,_ZSt7forwardIRKSt8functionIFSt6vectorINSt7__cxx1112basic_stringIcSt11char_traitsIcESaIcEEESaIS7_EEmEEEOT_RNSt16remove_referenceISE_E4typeE
FNA:4,6,_ZSt7forwardIRKSt8functionIFiiiEEEOT_RNSt16remove_referenceIS5_E4typeE
FNA:4,0,_ZSt7forwardIRKSt8functionIFvRKNSt7__cxx1112basic_stringIcSt11char_traitsIcESaIcEEEEEEOT_RNSt16remove_referenceISD_E4typeE
FNA:4,0,_ZSt7forwardIRKSt8functionIFvRN4calc8IHistoryEEEEOT_RNSt16remove_referenceIS8_E4typeE
FNA:4,12,_ZSt7forwardIRKiEOT_RNSt16remove_referenceIS2_E4typeE
FNA:4,4,_ZSt7forwardIRN4calc8IHistoryEEOT_RNSt16remove_referenceIS3_E4typeE
FNA:4,6,_ZSt7forwardIRN7testing10OnceActionIFiiiEE18StdFunctionAdaptorINS3_23IgnoreIncomingArgumentsINS0_8internal12ReturnActionIiE4ImplIiEEEEEEEOT_RNSt16remove_referenceISE_E4typeE
FNA:4,6,_ZSt7forwardIRN7testing8internal16TypedExpectationIFiiiEE13ActionAdaptorEEOT_RNSt16remove_referenceIS7_E4typeE
FNA:4,12,_ZSt7forwardISt10shared_ptrIN7testing8internal15ExpectationBaseEEEOT_RNSt16remove_referenceIS5_E4typeE
FNA:4,0,_ZSt7forwardISt5tupleIJRKNSt7__cxx1112basic_stringIcSt11char_traitsIcESaIcEEEEEEOT_RNSt16remove_referenceISA_E4typeE
FNA:4,0,_ZSt7forwardISt5tupleIJRN4calc8IHistoryEEEEOT_RNSt16remove_referenceIS5_E4typeE
FNA:4,9,_ZSt7forwardISt5tupleIJiiEEEOT_RNSt16remove_referenceIS2_E4typeE
FNA:4,0,_ZSt7forwardISt5tupleIJmEEEOT_RNSt16remove_referenceIS2_E4typeE
FNA:4,0,_ZSt7forwardISt6vectorINSt7__cxx1112basic_stringIcSt11char_traitsIcESaIcEEESaIS6_EEEOT_RNSt16remove_referenceIS9_E4typeE
FNA:4,235,_ZSt7forwardIiEOT_RNSt16remove_referenceIS0_E4typeE
FNA:4,0,_ZSt7forwardImEOT_RNSt16remove_referenceIS0_E4typeE
FNF:5
FNH:4
DA:51,79297
DA:52,79297
DA:71,63787
DA:72,63787
DA:137,17191
DA:138,17191
DA:175,0
DA:176,0
DA:226,9
DA:234,9
DA:235,9
DA:236,9
DA:237,9
LF:13
LH:11
end_of_record
TN:
SF:/usr/include/c++/14/bits/new_allocator.h
FNL:0,104,104
FNA:0,75,_ZNSt15__new_allocatorINSt7__cxx1112basic_stringIcSt11char_traitsIcESaIcEEEED2Ev
FNA:0,164,_ZNSt15__new_allocatorIPKvED2Ev
FNA:0,32,_ZNSt15__new_allocatorISt13_Rb_tree_nodeIN7testing11ExpectationEEED2Ev
FNA:0,6,_ZNSt15__new_allocatorISt23_Sp_counted_ptr_inplaceIN7testing10OnceActionIFiiiEE23IgnoreIncomingArgumentsINS1_8internal12ReturnActionIiE4ImplIiEEEESaIvELN9__gnu_cxx12_Lock_policyE2EEED2Ev
FNA:0,6,_ZNSt15__new_allocatorISt23_Sp_counted_ptr_inplaceIN7testing10OnceActionIFiiiEEESaIvELN9__gnu_cxx12_Lock_policyE2EEED2Ev
FNA:0,10581,_ZNSt15__new_allocatorIcED2Ev
FNL:1,126,152
FNA:1,55,_ZNSt15__new_allocatorINSt7__cxx1112basic_stringIcSt11char_traitsIcESaIcEEEE8allocateEmPKv
FNA:1,3,_ZNSt15__new_allocatorIPKvE8allocateEmS1_
FNA:1,32,_ZNSt15__new_allocatorISt10shared_ptrIN7testing8internal15ExpectationBaseEEE8allocateEmPKv
FNA:1,3,_ZNSt15__new_allocatorISt23_Sp_counted_ptr_inplaceIN7testing10OnceActionIFiiiEE23IgnoreIncomingArgumentsINS1_8internal12ReturnActionIiE4ImplIiEEEESaIvELN9__gnu_cxx12_Lock_policyE2EEE8allocateEmPKv
FNA:1,3,_ZNSt15__new_allocatorISt23_Sp_counted_ptr_inplaceIN7testing10OnceActionIFiiiEEESaIvELN9__gnu_cxx12_Lock_policyE2EEE8allocateEmPKv
FNL:2,156,173
FNA:2,55,_ZNSt15__new_allocatorINSt7__cxx1112basic_stringIcSt11char_traitsIcESaIcEEEE10deallocateEPS5_m
FNA:2,3,_ZNSt15__new_allocatorIPKvE10deallocateEPS1_m
FNA:2,32,_ZNSt15__new_allocatorISt10shared_ptrIN7testing8internal15ExpectationBaseEEE10deallocateEPS4_m
FNA:2,6,_ZNSt15__new_allocatorISt13_Rb_tree_nodeIN7testing11ExpectationEEE10deallocateEPS3_m
FNA:2,3,_ZNSt15__new_allocatorISt23_Sp_counted_ptr_inplaceIN7testing10OnceActionIFiiiEE23IgnoreIncomingArgumentsINS1_8internal12ReturnActionIiE4ImplIiEEEESaIvELN9__gnu_cxx12_Lock_policyE2EEE10deallocateEPSF_m
FNA:2,3,_ZNSt15__new_allocatorISt23_Sp_counted_ptr_inplaceIN7testing10OnceActionIFiiiEEESaIvELN9__gnu_cxx12_Lock_policyE2EEE10deallocateEPS8_m
FNF:3
FNH:3
DA:88,10363
DA:92,158
DA:104,10864
DA:126,96
DA:134,96
DA:138,0
DA:139,0
DA:140,0
DA:151,96
DA:156,102
DA:172,102
DA:183,165
DA:191,26446
DA:198,16404
DA:233,261
LF:15
LH:12
end_of_record
TN:
SF:/usr/include/c++/14/bits/ptr_traits.h
FNL:0,205,209
FNA:0,39,_ZSt12__to_addressINSt7__cxx1112basic_stringIcSt11char_traitsIcESaIcEEEEPT_S7_
FNA:0,3,_ZSt12__to_addressIPKvEPT_S3_
FNA:0,32,_ZSt12__to_addressISt10shared_ptrIN7testing8internal15ExpectationBaseEEEPT_S6_
FNA:0,3,_ZSt12__to_addressISt23_Sp_counted_ptr_inplaceIN7testing10OnceActionIFiiiEE23IgnoreIncomingArgumentsINS1_8internal12ReturnActionIiE4ImplIiEEEESaIvELN9__gnu_cxx12_Lock_policyE2EEEPT_SH_
FNA:0,3,_ZSt12__to_addressISt23_Sp_counted_ptr_inplaceIN7testing10OnceActionIFiiiEEESaIvELN9__gnu_cxx12_Lock_policyE2EEEPT_SA_
FNF:1
FNH:1
DA:205,80
DA:208,80
LF:2
LH:2
end_of_record
TN:
SF:/usr/include/c++/14/bits/shared_ptr.h
FNL:0,1003,1009
FNA:0,3,_ZSt11make_sharedIN7testing10OnceActionIFiiiEE23IgnoreIncomingArgumentsINS0_8internal12ReturnActionIiE4ImplIiEEEEJSA_EESt10shared_ptrINSt9enable_ifIXntsrSt8is_arrayIT_E5valueESE_E4typeEEDpOT0_
FNA:0,3,_ZSt11make_sharedIN7testing10OnceActionIFiiiEEEJS3_EESt10shared_ptrINSt9enable_ifIXntsrSt8is_arrayIT_E5valueES7_E4typeEEDpOT0_
FNL:1,203,203
FNA:1,0,_ZNSt10shared_ptrIN7testing10OnceActionIFiiiEE23IgnoreIncomingArgumentsINS0_8internal12ReturnActionIiE4ImplIiEEEEEC2ERKSB_
FNA:1,3,_ZNSt10shared_ptrIN7testing10OnceActionIFiiiEEEEC2ERKS4_
FNA:1,6,_ZNSt10shared_ptrIN7testing8internal12ReturnActionIiE4ImplIiE5StateEEC2ERKS7_
FNA:1,47,_ZNSt10shared_ptrIN7testing8internal15ExpectationBaseEEC2ERKS3_
FNL:2,213,213
FNA:2,3,_ZNSt10shared_ptrIN7testing8internal12ReturnActionIiE4ImplIiE5StateEEC2IS6_vEEPT_
FNA:2,3,_ZNSt10shared_ptrIN7testing8internal15ExpectationBaseEEC2INS1_16TypedExpectationIFiiiEEEvEEPT_
FNA:2,27,_ZNSt10shared_ptrIN7testing8internal15ExpectationBaseEEC2INS1_16TypedExpectationIFvRKNSt7__cxx1112basic_stringIcSt11char_traitsIcESaIcEEEEEEvEEPT_
FNA:2,2,_ZNSt10shared_ptrIN7testing8internal15ExpectationBaseEEC2INS1_16TypedExpectationIFvRN4calc8IHistoryEEEEvEEPT_
FNL:3,358,359
FNA:3,3,_ZNSt10shared_ptrIN7testing10OnceActionIFiiiEE23IgnoreIncomingArgumentsINS0_8internal12ReturnActionIiE4ImplIiEEEEEC2EOSB_
FNA:3,3,_ZNSt10shared_ptrIN7testing10OnceActionIFiiiEEEEC2EOS4_
FNA:3,6,_ZNSt10shared_ptrIN7testing8internal15ExpectationBaseEEC2EOS3_
FNL:4,413,413
FNA:4,3,_ZNSt10shared_ptrIKN7testing20CardinalityInterfaceEEaSERKS3_
FNL:5,462,464
FNA:5,3,_ZNSt10shared_ptrIN7testing10OnceActionIFiiiEE23IgnoreIncomingArgumentsINS0_8internal12ReturnActionIiE4ImplIiEEEEEC2ISaIvEJSA_EEESt20_Sp_alloc_shared_tagIT_EDpOT0_
FNA:5,3,_ZNSt10shared_ptrIN7testing10OnceActionIFiiiEEEEC2ISaIvEJS3_EEESt20_Sp_alloc_shared_tagIT_EDpOT0_
FNF:6
FNH:6
DA:203,56
DA:213,35
DA:358,12
DA:359,12
DA:413,3
DA:462,6
DA:463,6
DA:464,6
DA:1003,6
DA:1008,12
LF:10
LH:10
end_of_record
TN:
SF:/usr/include/c++/14/bits/shared_ptr_base.h
FNL:0,1066,1070
FNA:0,150,_ZNSt14__shared_countILN9__gnu_cxx12_Lock_policyE2EED2Ev
FNL:1,1072,1077
FNA:1,56,_ZNSt14__shared_countILN9__gnu_cxx12_Lock_policyE2EEC2ERKS2_
FNL:2,1080,1092
FNA:2,12,_ZNSt14__shared_countILN9__gnu_cxx12_Lock_policyE2EEaSERKS2_
FNL:3,1095,1100
FNA:3,12,_ZNSt14__shared_countILN9__gnu_cxx12_Lock_policyE2EE7_M_swapERS2_
FNL:4,129,130
FNA:4,79,_ZNSt16_Sp_counted_baseILN9__gnu_cxx12_Lock_policyE2EEC2Ev
FNL:5,133,134
FNA:5,0,_ZNSt16_Sp_counted_baseILN9__gnu_cxx12_Lock_policyE2EED0Ev
FNA:5,79,_ZNSt16_Sp_counted_baseILN9__gnu_cxx12_Lock_policyE2EED2Ev
FNL:6,1348,1352
FNA:6,3,_ZNKSt19__shared_ptr_accessIN7testing10OnceActionIFiiiEE23IgnoreIncomingArgumentsINS0_8internal12ReturnActionIiE4ImplIiEEEELN9__gnu_cxx12_Lock_policyE2ELb0ELb0EEdeEv
FNA:6,3,_ZNKSt19__shared_ptr_accessIN7testing10OnceActionIFiiiEEELN9__gnu_cxx12_Lock_policyE2ELb0ELb0EEdeEv
FNL:7,1355,1359
FNA:7,172,_ZNKSt19__shared_ptr_accessIKN7testing20CardinalityInterfaceELN9__gnu_cxx12_Lock_policyE2ELb0ELb0EEptEv
FNA:7,3,_ZNKSt19__shared_ptr_accessIN7testing8internal12ReturnActionIiE4ImplIiE5StateELN9__gnu_cxx12_Lock_policyE2ELb0ELb0EEptEv
FNA:7,6,_ZNKSt19__shared_ptr_accessIN7testing8internal15ExpectationBaseELN9__gnu_cxx12_Lock_policyE2ELb0ELb0EEptEv
FNL:8,1363,1364
FNA:8,172,_ZNKSt19__shared_ptr_accessIKN7testing20CardinalityInterfaceELN9__gnu_cxx12_Lock_policyE2ELb0ELb0EE6_M_getEv
FNA:8,3,_ZNKSt19__shared_ptr_accessIN7testing10OnceActionIFiiiEE23IgnoreIncomingArgumentsINS0_8internal12ReturnActionIiE4ImplIiEEEELN9__gnu_cxx12_Lock_policyE2ELb0ELb0EE6_M_getEv
FNA:8,3,_ZNKSt19__shared_ptr_accessIN7testing10OnceActionIFiiiEEELN9__gnu_cxx12_Lock_policyE2ELb0ELb0EE6_M_getEv
FNA:8,3,_ZNKSt19__shared_ptr_accessIN7testing8internal12ReturnActionIiE4ImplIiE5StateELN9__gnu_cxx12_Lock_policyE2ELb0ELb0EE6_M_getEv
FNA:8,6,_ZNKSt19__shared_ptr_accessIN7testing8internal15ExpectationBaseELN9__gnu_cxx12_Lock_policyE2ELb0ELb0EE6_M_getEv
FNL:9,143,144
FNA:9,0,_ZNSt16_Sp_counted_baseILN9__gnu_cxx12_Lock_policyE2EE10_M_destroyEv
FNL:10,1469,1475
FNA:10,3,_ZNSt12__shared_ptrIN7testing8internal12ReturnActionIiE4ImplIiE5StateELN9__gnu_cxx12_Lock_policyE2EEC2IS6_vEEPT_
FNA:10,3,_ZNSt12__shared_ptrIN7testing8internal15ExpectationBaseELN9__gnu_cxx12_Lock_policyE2EEC2INS1_16TypedExpectationIFiiiEEEvEEPT_
FNA:10,27,_ZNSt12__shared_ptrIN7testing8internal15ExpectationBaseELN9__gnu_cxx12_Lock_policyE2EEC2INS1_16TypedExpectationIFvRKNSt7__cxx1112basic_stringIcSt11char_traitsIcESaIcEEEEEEvEEPT_
FNA:10,2,_ZNSt12__shared_ptrIN7testing8internal15ExpectationBaseELN9__gnu_cxx12_Lock_policyE2EEC2INS1_16TypedExpectationIFvRN4calc8IHistoryEEEEvEEPT_
FNL:11,151,152
FNA:11,68,_ZNSt16_Sp_counted_baseILN9__gnu_cxx12_Lock_policyE2EE15_M_add_ref_copyEv
FNL:12,1523,1523
FNA:12,0,_ZNSt12__shared_ptrIN7testing10OnceActionIFiiiEE23IgnoreIncomingArgumentsINS0_8internal12ReturnActionIiE4ImplIiEEEELN9__gnu_cxx12_Lock_policyE2EEC2ERKSD_
FNA:12,3,_ZNSt12__shared_ptrIN7testing10OnceActionIFiiiEEELN9__gnu_cxx12_Lock_policyE2EEC2ERKS6_
FNA:12,6,_ZNSt12__shared_ptrIN7testing8internal12ReturnActionIiE4ImplIiE5StateELN9__gnu_cxx12_Lock_policyE2EEC2ERKS9_
FNA:12,47,_ZNSt12__shared_ptrIN7testing8internal15ExpectationBaseELN9__gnu_cxx12_Lock_policyE2EEC2ERKS5_
FNL:13,1524,1524
FNA:13,3,_ZNSt12__shared_ptrIKN7testing20CardinalityInterfaceELN9__gnu_cxx12_Lock_policyE2EEaSERKS5_
FNL:14,1525,1525
FNA:14,35,_ZNSt12__shared_ptrIKN7testing20CardinalityInterfaceELN9__gnu_cxx12_Lock_policyE2EED2Ev
FNA:14,6,_ZNSt12__shared_ptrIN7testing10OnceActionIFiiiEE23IgnoreIncomingArgumentsINS0_8internal12ReturnActionIiE4ImplIiEEEELN9__gnu_cxx12_Lock_policyE2EED2Ev
FNA:14,9,_ZNSt12__shared_ptrIN7testing10OnceActionIFiiiEEELN9__gnu_cxx12_Lock_policyE2EED2Ev
FNA:14,9,_ZNSt12__shared_ptrIN7testing8internal12ReturnActionIiE4ImplIiE5StateELN9__gnu_cxx12_Lock_policyE2EED2Ev
FNA:14,88,_ZNSt12__shared_ptrIN7testing8internal15ExpectationBaseELN9__gnu_cxx12_Lock_policyE2EED2Ev
FNL:15,1532,1537
FNA:15,3,_ZNSt12__shared_ptrIN7testing10OnceActionIFiiiEE23IgnoreIncomingArgumentsINS0_8internal12ReturnActionIiE4ImplIiEEEELN9__gnu_cxx12_Lock_policyE2EEC2EOSD_
FNA:15,3,_ZNSt12__shared_ptrIN7testing10OnceActionIFiiiEEELN9__gnu_cxx12_Lock_policyE2EEC2EOS6_
FNA:15,6,_ZNSt12__shared_ptrIN7testing8internal15ExpectationBaseELN9__gnu_cxx12_Lock_policyE2EEC2EOS5_
FNL:16,1666,1667
FNA:16,172,_ZNKSt12__shared_ptrIKN7testing20CardinalityInterfaceELN9__gnu_cxx12_Lock_policyE2EE3getEv
FNA:16,3,_ZNKSt12__shared_ptrIN7testing10OnceActionIFiiiEE23IgnoreIncomingArgumentsINS0_8internal12ReturnActionIiE4ImplIiEEEELN9__gnu_cxx12_Lock_policyE2EE3getEv
FNA:16,3,_ZNKSt12__shared_ptrIN7testing10OnceActionIFiiiEEELN9__gnu_cxx12_Lock_policyE2EE3getEv
FNA:16,3,_ZNKSt12__shared_ptrIN7testing8internal12ReturnActionIiE4ImplIiE5StateELN9__gnu_cxx12_Lock_policyE2EE3getEv
FNA:16,112,_ZNKSt12__shared_ptrIN7testing8internal15ExpectationBaseELN9__gnu_cxx12_Lock_policyE2EE3getEv
FNL:17,1712,1714
FNA:17,3,_ZNSt12__shared_ptrIN7testing10OnceActionIFiiiEE23IgnoreIncomingArgumentsINS0_8internal12ReturnActionIiE4ImplIiEEEELN9__gnu_cxx12_Lock_policyE2EEC2ISaIvEJSA_EEESt20_Sp_alloc_shared_tagIT_EDpOT0_
FNA:17,3,_ZNSt12__shared_ptrIN7testing10OnceActionIFiiiEEELN9__gnu_cxx12_Lock_policyE2EEC2ISaIvEJS3_EEESt20_Sp_alloc_shared_tagIT_EDpOT0_
FNL:18,172,193
FNA:18,0,_ZNSt16_Sp_counted_baseILN9__gnu_cxx12_Lock_policyE2EE19_M_release_last_useEv
FNL:19,1766,1767
FNA:19,3,_ZNSt12__shared_ptrIN7testing10OnceActionIFiiiEE23IgnoreIncomingArgumentsINS0_8internal12ReturnActionIiE4ImplIiEEEELN9__gnu_cxx12_Lock_policyE2EE31_M_enable_shared_from_this_withISA_SA_EENSt9enable_ifIXntsrNSD_15__has_esft_baseIT0_vEE5valueEvE4typeEPT_
FNA:19,3,_ZNSt12__shared_ptrIN7testing10OnceActionIFiiiEEELN9__gnu_cxx12_Lock_policyE2EE31_M_enable_shared_from_this_withIS3_S3_EENSt9enable_ifIXntsrNS6_15__has_esft_baseIT0_vEE5valueEvE4typeEPT_
FNA:19,3,_ZNSt12__shared_ptrIN7testing8internal12ReturnActionIiE4ImplIiE5StateELN9__gnu_cxx12_Lock_policyE2EE31_M_enable_shared_from_this_withIS6_S6_EENSt9enable_ifIXntsrNS9_15__has_esft_baseIT0_vEE5valueEvE4typeEPT_
FNA:19,3,_ZNSt12__shared_ptrIN7testing8internal15ExpectationBaseELN9__gnu_cxx12_Lock_policyE2EE31_M_enable_shared_from_this_withINS1_16TypedExpectationIFiiiEEES9_EENSt9enable_ifIXntsrNS5_15__has_esft_baseIT0_vEE5valueEvE4typeEPT_
FNA:19,27,_ZNSt12__shared_ptrIN7testing8internal15ExpectationBaseELN9__gnu_cxx12_Lock_policyE2EE31_M_enable_shared_from_this_withINS1_16TypedExpectationIFvRKNSt7__cxx1112basic_stringIcSt11char_traitsIcESaIcEEEEEESH_EENSt9enable_ifIXntsrNS5_15__has_esft_baseIT0_vEE5valueEvE4typeEPT_
FNA:19,2,_ZNSt12__shared_ptrIN7testing8internal15ExpectationBaseELN9__gnu_cxx12_Lock_policyE2EE31_M_enable_shared_from_this_withINS1_16TypedExpectationIFvRN4calc8IHistoryEEEESC_EENSt9enable_ifIXntsrNS5_15__has_esft_baseIT0_vEE5valueEvE4typeEPT_
FNL:20,198,199
FNA:20,0,_ZNSt16_Sp_counted_baseILN9__gnu_cxx12_Lock_policyE2EE24_M_release_last_use_coldEv
FNL:21,317,363
FNA:21,147,_ZNSt16_Sp_counted_baseILN9__gnu_cxx12_Lock_policyE2EE10_M_releaseEv
FNL:22,423,424
FNA:22,3,_ZNSt15_Sp_counted_ptrIPN7testing8internal12ReturnActionIiE4ImplIiE5StateELN9__gnu_cxx12_Lock_policyE2EEC2ES7_
FNA:22,3,_ZNSt15_Sp_counted_ptrIPN7testing8internal16TypedExpectationIFiiiEEELN9__gnu_cxx12_Lock_policyE2EEC2ES5_
FNA:22,27,_ZNSt15_Sp_counted_ptrIPN7testing8internal16TypedExpectationIFvRKNSt7__cxx1112basic_stringIcSt11char_traitsIcESaIcEEEEEELN9__gnu_cxx12_Lock_policyE2EEC2ESD_
FNA:22,2,_ZNSt15_Sp_counted_ptrIPN7testing8internal16TypedExpectationIFvRN4calc8IHistoryEEEELN9__gnu_cxx12_Lock_policyE2EEC2ES8_
FNL:23,427,428
FNA:23,3,_ZNSt15_Sp_counted_ptrIPN7testing8internal12ReturnActionIiE4ImplIiE5StateELN9__gnu_cxx12_Lock_policyE2EE10_M_disposeEv
FNA:23,3,_ZNSt15_Sp_counted_ptrIPN7testing8internal16TypedExpectationIFiiiEEELN9__gnu_cxx12_Lock_policyE2EE10_M_disposeEv
FNA:23,27,_ZNSt15_Sp_counted_ptrIPN7testing8internal16TypedExpectationIFvRKNSt7__cxx1112basic_stringIcSt11char_traitsIcESaIcEEEEEELN9__gnu_cxx12_Lock_policyE2EE10_M_disposeEv
FNA:23,2,_ZNSt15_Sp_counted_ptrIPN7testing8internal16TypedExpectationIFvRN4calc8IHistoryEEEELN9__gnu_cxx12_Lock_policyE2EE10_M_disposeEv
FNL:24,431,432
FNA:24,3,_ZNSt15_Sp_counted_ptrIPN7testing8internal12ReturnActionIiE4ImplIiE5StateELN9__gnu_cxx12_Lock_policyE2EE10_M_destroyEv
FNA:24,3,_ZNSt15_Sp_counted_ptrIPN7testing8internal16TypedExpectationIFiiiEEELN9__gnu_cxx12_Lock_policyE2EE10_M_destroyEv
FNA:24,27,_ZNSt15_Sp_counted_ptrIPN7testing8internal16TypedExpectationIFvRKNSt7__cxx1112basic_stringIcSt11char_traitsIcESaIcEEEEEELN9__gnu_cxx12_Lock_policyE2EE10_M_destroyEv
FNA:24,2,_ZNSt15_Sp_counted_ptrIPN7testing8internal16TypedExpectationIFvRN4calc8IHistoryEEEELN9__gnu_cxx12_Lock_policyE2EE10_M_destroyEv
FNL:25,435,436
FNA:25,0,_ZNSt15_Sp_counted_ptrIPN7testing8internal12ReturnActionIiE4ImplIiE5StateELN9__gnu_cxx12_Lock_policyE2EE14_M_get_deleterERKSt9type_info
FNA:25,0,_ZNSt15_Sp_counted_ptrIPN7testing8internal16TypedExpectationIFiiiEEELN9__gnu_cxx12_Lock_policyE2EE14_M_get_deleterERKSt9type_info
FNA:25,0,_ZNSt15_Sp_counted_ptrIPN7testing8internal16TypedExpectationIFvRKNSt7__cxx1112basic_stringIcSt11char_traitsIcESaIcEEEEEELN9__gnu_cxx12_Lock_policyE2EE14_M_get_deleterERKSt9type_info
FNA:25,0,_ZNSt15_Sp_counted_ptrIPN7testing8internal16TypedExpectationIFvRN4calc8IHistoryEEEELN9__gnu_cxx12_Lock_policyE2EE14_M_get_deleterERKSt9type_info
FNL:26,470,470
FNA:26,6,_ZNSt14_Sp_ebo_helperILi0ESaIvELb1EEC2ERKS0_
FNL:27,474,474
FNA:27,12,_ZNSt14_Sp_ebo_helperILi0ESaIvELb1EE6_S_getERS1_
FNL:28,567,571
FNA:28,0,_ZNSt19_Sp_make_shared_tag5_S_tiEv
FNL:29,590,590
FNA:29,3,_ZNSt23_Sp_counted_ptr_inplaceIN7testing10OnceActionIFiiiEE23IgnoreIncomingArgumentsINS0_8internal12ReturnActionIiE4ImplIiEEEESaIvELN9__gnu_cxx12_Lock_policyE2EE5_ImplC2ESB_
FNA:29,3,_ZNSt23_Sp_counted_ptr_inplaceIN7testing10OnceActionIFiiiEEESaIvELN9__gnu_cxx12_Lock_policyE2EE5_ImplC2ES4_
FNL:30,592,592
FNA:30,6,_ZNSt23_Sp_counted_ptr_inplaceIN7testing10OnceActionIFiiiEE23IgnoreIncomingArgumentsINS0_8internal12ReturnActionIiE4ImplIiEEEESaIvELN9__gnu_cxx12_Lock_policyE2EE5_Impl8_M_allocEv
FNA:30,6,_ZNSt23_Sp_counted_ptr_inplaceIN7testing10OnceActionIFiiiEEESaIvELN9__gnu_cxx12_Lock_policyE2EE5_Impl8_M_allocEv
FNL:31,602,609
FNA:31,3,_ZNSt23_Sp_counted_ptr_inplaceIN7testing10OnceActionIFiiiEE23IgnoreIncomingArgumentsINS0_8internal12ReturnActionIiE4ImplIiEEEESaIvELN9__gnu_cxx12_Lock_policyE2EEC2IJSA_EEESB_DpOT_
FNA:31,3,_ZNSt23_Sp_counted_ptr_inplaceIN7testing10OnceActionIFiiiEEESaIvELN9__gnu_cxx12_Lock_policyE2EEC2IJS3_EEES4_DpOT_
FNL:32,611,611
FNA:32,0,_ZNSt23_Sp_counted_ptr_inplaceIN7testing10OnceActionIFiiiEE23IgnoreIncomingArgumentsINS0_8internal12ReturnActionIiE4ImplIiEEEESaIvELN9__gnu_cxx12_Lock_policyE2EED0Ev
FNA:32,3,_ZNSt23_Sp_counted_ptr_inplaceIN7testing10OnceActionIFiiiEE23IgnoreIncomingArgumentsINS0_8internal12ReturnActionIiE4ImplIiEEEESaIvELN9__gnu_cxx12_Lock_policyE2EED2Ev
FNA:32,0,_ZNSt23_Sp_counted_ptr_inplaceIN7testing10OnceActionIFiiiEEESaIvELN9__gnu_cxx12_Lock_policyE2EED0Ev
FNA:32,3,_ZNSt23_Sp_counted_ptr_inplaceIN7testing10OnceActionIFiiiEEESaIvELN9__gnu_cxx12_Lock_policyE2EED2Ev
FNL:33,614,617
FNA:33,3,_ZNSt23_Sp_counted_ptr_inplaceIN7testing10OnceActionIFiiiEE23IgnoreIncomingArgumentsINS0_8internal12ReturnActionIiE4ImplIiEEEESaIvELN9__gnu_cxx12_Lock_policyE2EE10_M_disposeEv
FNA:33,3,_ZNSt23_Sp_counted_ptr_inplaceIN7testing10OnceActionIFiiiEEESaIvELN9__gnu_cxx12_Lock_policyE2EE10_M_disposeEv
FNL:34,621,626
FNA:34,3,_ZNSt23_Sp_counted_ptr_inplaceIN7testing10OnceActionIFiiiEE23IgnoreIncomingArgumentsINS0_8internal12ReturnActionIiE4ImplIiEEEESaIvELN9__gnu_cxx12_Lock_policyE2EE10_M_destroyEv
FNA:34,3,_ZNSt23_Sp_counted_ptr_inplaceIN7testing10OnceActionIFiiiEEESaIvELN9__gnu_cxx12_Lock_policyE2EE10_M_destroyEv
FNL:35,634,651
FNA:35,0,_ZNSt23_Sp_counted_ptr_inplaceIN7testing10OnceActionIFiiiEE23IgnoreIncomingArgumentsINS0_8internal12ReturnActionIiE4ImplIiEEEESaIvELN9__gnu_cxx12_Lock_policyE2EE14_M_get_deleterERKSt9type_info
FNA:35,0,_ZNSt23_Sp_counted_ptr_inplaceIN7testing10OnceActionIFiiiEEESaIvELN9__gnu_cxx12_Lock_policyE2EE14_M_get_deleterERKSt9type_info
FNL:36,653,653
FNA:36,9,_ZNSt23_Sp_counted_ptr_inplaceIN7testing10OnceActionIFiiiEE23IgnoreIncomingArgumentsINS0_8internal12ReturnActionIiE4ImplIiEEEESaIvELN9__gnu_cxx12_Lock_policyE2EE6_M_ptrEv
FNA:36,9,_ZNSt23_Sp_counted_ptr_inplaceIN7testing10OnceActionIFiiiEEESaIvELN9__gnu_cxx12_Lock_policyE2EE6_M_ptrEv
FNL:37,906,907
FNA:37,15,_ZNSt14__shared_countILN9__gnu_cxx12_Lock_policyE2EEC2Ev
FNL:38,911,922
FNA:38,3,_ZNSt14__shared_countILN9__gnu_cxx12_Lock_policyE2EEC2IPN7testing8internal12ReturnActionIiE4ImplIiE5StateEEET_
FNA:38,3,_ZNSt14__shared_countILN9__gnu_cxx12_Lock_policyE2EEC2IPN7testing8internal16TypedExpectationIFiiiEEEEET_
FNA:38,27,_ZNSt14__shared_countILN9__gnu_cxx12_Lock_policyE2EEC2IPN7testing8internal16TypedExpectationIFvRKNSt7__cxx1112basic_stringIcSt11char_traitsIcESaIcEEEEEEEET_
FNA:38,2,_ZNSt14__shared_countILN9__gnu_cxx12_Lock_policyE2EEC2IPN7testing8internal16TypedExpectationIFvRN4calc8IHistoryEEEEEET_
FNL:39,925,927
FNA:39,3,_ZNSt14__shared_countILN9__gnu_cxx12_Lock_policyE2EEC2IPN7testing8internal12ReturnActionIiE4ImplIiE5StateEEET_St17integral_constantIbLb0EE
FNA:39,3,_ZNSt14__shared_countILN9__gnu_cxx12_Lock_policyE2EEC2IPN7testing8internal16TypedExpectationIFiiiEEEEET_St17integral_constantIbLb0EE
FNA:39,27,_ZNSt14__shared_countILN9__gnu_cxx12_Lock_policyE2EEC2IPN7testing8internal16TypedExpectationIFvRKNSt7__cxx1112basic_stringIcSt11char_traitsIcESaIcEEEEEEEET_St17integral_constantIbLb0EE
FNA:39,2,_ZNSt14__shared_countILN9__gnu_cxx12_Lock_policyE2EEC2IPN7testing8internal16TypedExpectationIFvRN4calc8IHistoryEEEEEET_St17integral_constantIbLb0EE
FNL:40,962,974
FNA:40,3,_ZNSt14__shared_countILN9__gnu_cxx12_Lock_policyE2EEC2IN7testing10OnceActionIFiiiEE23IgnoreIncomingArgumentsINS4_8internal12ReturnActionIiE4ImplIiEEEESaIvEJSE_EEERPT_St20_Sp_alloc_shared_tagIT0_EDpOT1_
FNA:40,3,_ZNSt14__shared_countILN9__gnu_cxx12_Lock_policyE2EEC2IN7testing10OnceActionIFiiiEEESaIvEJS7_EEERPT_St20_Sp_alloc_shared_tagIT0_EDpOT1_
FNF:41
FNH:35
DA:129,79
DA:130,79
DA:133,79
DA:134,79
DA:143,0
DA:144,0
DA:151,68
DA:152,68
DA:172,0
DA:175,0
DA:187,0
DA:188,0
DA:191,0
DA:193,0
DA:198,0
DA:199,0
DA:317,147
DA:321,147
DA:324,147
DA:328,147
DA:331,147
DA:332,147
DA:333,147
DA:334,147
DA:337,147
DA:343,79
DA:346,79
DA:347,79
DA:348,79
DA:350,136
DA:351,0
DA:353,0
DA:354,0
DA:423,35
DA:424,35
DA:427,35
DA:428,35
DA:431,35
DA:432,35
DA:435,0
DA:436,0
DA:470,6
DA:474,12
DA:567,0
DA:570,0
DA:590,6
DA:592,12
DA:602,6
DA:603,6
DA:607,6
DA:609,6
DA:611,6
DA:614,6
DA:616,6
DA:617,6
DA:621,6
DA:623,6
DA:624,6
DA:625,6
DA:626,6
DA:634,0
DA:636,0
DA:641,0
DA:642,0
DA:644,0
DA:649,0
DA:650,0
DA:653,18
DA:906,15
DA:907,15
DA:911,35
DA:915,35
DA:917,0
DA:919,0
DA:920,0
DA:922,35
DA:925,35
DA:926,35
DA:927,35
DA:962,6
DA:966,6
DA:967,6
DA:968,6
DA:969,6
DA:971,6
DA:972,6
DA:973,6
DA:974,12
DA:1066,150
DA:1068,150
DA:1069,138
DA:1070,150
DA:1072,56
DA:1073,56
DA:1075,56
DA:1076,56
DA:1077,56
DA:1080,12
DA:1082,12
DA:1083,12
DA:1085,12
DA:1086,12
DA:1087,12
DA:1088,9
DA:1089,12
DA:1091,12
DA:1095,12
DA:1097,12
DA:1098,12
DA:1099,12
DA:1100,12
DA:1348,6
DA:1350,6
DA:1351,6
DA:1355,181
DA:1358,181
DA:1363,187
DA:1364,187
DA:1469,35
DA:1470,35
DA:1474,35
DA:1475,35
DA:1523,56
DA:1524,3
DA:1525,147
DA:1532,12
DA:1533,12
DA:1535,12
DA:1536,12
DA:1537,12
DA:1666,293
DA:1667,293
DA:1712,6
DA:1713,6
DA:1714,6
DA:1766,41
DA:1767,41
LF:137
LH:110
end_of_record
TN:
SF:/usr/include/c++/14/bits/std_function.h
FNL:0,134,143
FNA:0,3,_ZNSt14_Function_base13_Base_managerIN7testing10OnceActionIFiiiEE18StdFunctionAdaptorINS4_23IgnoreIncomingArgumentsINS1_8internal12ReturnActionIiE4ImplIiEEEEEEE14_M_get_pointerERKSt9_Any_data
FNA:0,6,_ZNSt14_Function_base13_Base_managerIN7testing8internal16TypedExpectationIFiiiEE13ActionAdaptorEE14_M_get_pointerERKSt9_Any_data
FNL:1,158,162
FNA:1,0,_ZNSt14_Function_base13_Base_managerIN7testing10OnceActionIFiiiEE18StdFunctionAdaptorINS4_23IgnoreIncomingArgumentsINS1_8internal12ReturnActionIiE4ImplIiEEEEEEE9_M_createIRKSD_EEvRSt9_Any_dataOT_St17integral_constantIbLb0EE
FNA:1,3,_ZNSt14_Function_base13_Base_managerIN7testing10OnceActionIFiiiEE18StdFunctionAdaptorINS4_23IgnoreIncomingArgumentsINS1_8internal12ReturnActionIiE4ImplIiEEEEEEE9_M_createISD_EEvRSt9_Any_dataOT_St17integral_constantIbLb0EE
FNA:1,3,_ZNSt14_Function_base13_Base_managerIN7testing8internal16TypedExpectationIFiiiEE13ActionAdaptorEE9_M_createIRKS6_EEvRSt9_Any_dataOT_St17integral_constantIbLb0EE
FNA:1,3,_ZNSt14_Function_base13_Base_managerIN7testing8internal16TypedExpectationIFiiiEE13ActionAdaptorEE9_M_createIS6_EEvRSt9_Any_dataOT_St17integral_constantIbLb0EE
FNL:2,173,176
FNA:2,3,_ZNSt14_Function_base13_Base_managerIN7testing10OnceActionIFiiiEE18StdFunctionAdaptorINS4_23IgnoreIncomingArgumentsINS1_8internal12ReturnActionIiE4ImplIiEEEEEEE10_M_destroyERSt9_Any_dataSt17integral_constantIbLb0EE
FNA:2,6,_ZNSt14_Function_base13_Base_managerIN7testing8internal16TypedExpectationIFiiiEE13ActionAdaptorEE10_M_destroyERSt9_Any_dataSt17integral_constantIbLb0EE
FNL:3,180,207
FNA:3,3,_ZNSt14_Function_base13_Base_managerIN7testing10OnceActionIFiiiEE18StdFunctionAdaptorINS4_23IgnoreIncomingArgumentsINS1_8internal12ReturnActionIiE4ImplIiEEEEEEE10_M_managerERSt9_Any_dataRKSF_St18_Manager_operation
FNA:3,9,_ZNSt14_Function_base13_Base_managerIN7testing8internal16TypedExpectationIFiiiEE13ActionAdaptorEE10_M_managerERSt9_Any_dataRKS8_St18_Manager_operation
FNL:4,211,216
FNA:4,0,_ZNSt14_Function_base13_Base_managerIN7testing10OnceActionIFiiiEE18StdFunctionAdaptorINS4_23IgnoreIncomingArgumentsINS1_8internal12ReturnActionIiE4ImplIiEEEEEEE15_M_init_functorIRKSD_EEvRSt9_Any_dataOT_
FNA:4,3,_ZNSt14_Function_base13_Base_managerIN7testing10OnceActionIFiiiEE18StdFunctionAdaptorINS4_23IgnoreIncomingArgumentsINS1_8internal12ReturnActionIiE4ImplIiEEEEEEE15_M_init_functorISD_EEvRSt9_Any_dataOT_
FNA:4,3,_ZNSt14_Function_base13_Base_managerIN7testing8internal16TypedExpectationIFiiiEE13ActionAdaptorEE15_M_init_functorIRKS6_EEvRSt9_Any_dataOT_
FNA:4,3,_ZNSt14_Function_base13_Base_managerIN7testing8internal16TypedExpectationIFiiiEE13ActionAdaptorEE15_M_init_functorIS6_EEvRSt9_Any_dataOT_
FNL:5,235,236
FNA:5,3,_ZNSt14_Function_base13_Base_managerIN7testing10OnceActionIFiiiEE18StdFunctionAdaptorINS4_23IgnoreIncomingArgumentsINS1_8internal12ReturnActionIiE4ImplIiEEEEEEE21_M_not_empty_functionISD_EEbRKT_
FNA:5,3,_ZNSt14_Function_base13_Base_managerIN7testing8internal16TypedExpectationIFiiiEE13ActionAdaptorEE21_M_not_empty_functionIS6_EEbRKT_
FNL:6,239,239
FNA:6,50,_ZNSt14_Function_baseC2Ev
FNL:7,241,245
FNA:7,50,_ZNSt14_Function_baseD2Ev
FNL:8,247,247
FNA:8,50,_ZNKSt14_Function_base8_M_emptyEv
FNL:9,267,285
FNA:9,3,_ZNSt17_Function_handlerIFiiiEN7testing10OnceActionIS0_E18StdFunctionAdaptorINS3_23IgnoreIncomingArgumentsINS1_8internal12ReturnActionIiE4ImplIiEEEEEEE10_M_managerERSt9_Any_dataRKSE_St18_Manager_operation
FNA:9,9,_ZNSt17_Function_handlerIFiiiEN7testing8internal16TypedExpectationIS0_E13ActionAdaptorEE10_M_managerERSt9_Any_dataRKS7_St18_Manager_operation
FNL:10,288,292
FNA:10,3,_ZNSt17_Function_handlerIFiiiEN7testing10OnceActionIS0_E18StdFunctionAdaptorINS3_23IgnoreIncomingArgumentsINS1_8internal12ReturnActionIiE4ImplIiEEEEEEE9_M_invokeERKSt9_Any_dataOiSH_
FNA:10,3,_ZNSt17_Function_handlerIFiiiEN7testing8internal16TypedExpectationIS0_E13ActionAdaptorEE9_M_invokeERKSt9_Any_dataOiSA_
FNL:11,368,369
FNA:11,6,_ZNSt8functionIFiiiEEC2Ev
FNA:11,27,_ZNSt8functionIFvRKNSt7__cxx1112basic_stringIcSt11char_traitsIcESaIcEEEEEC2Ev
FNA:11,2,_ZNSt8functionIFvRN4calc8IHistoryEEEC2Ev
FNL:12,386,395
FNA:12,0,_ZNSt8functionIFSt6vectorINSt7__cxx1112basic_stringIcSt11char_traitsIcESaIcEEESaIS6_EEmEEC2ERKSA_
FNA:12,3,_ZNSt8functionIFiiiEEC2ERKS1_
FNA:12,0,_ZNSt8functionIFvRKNSt7__cxx1112basic_stringIcSt11char_traitsIcESaIcEEEEEC2ERKS9_
FNA:12,0,_ZNSt8functionIFvRN4calc8IHistoryEEEC2ERKS4_
FNL:13,404,414
FNA:13,6,_ZNSt8functionIFiiiEEC2EOS1_
FNL:14,435,454
FNA:14,3,_ZNSt8functionIFiiiEEC2IN7testing10OnceActionIS0_E18StdFunctionAdaptorINS5_23IgnoreIncomingArgumentsINS3_8internal12ReturnActionIiE4ImplIiEEEEEEvEEOT_
FNA:14,3,_ZNSt8functionIFiiiEEC2IN7testing8internal16TypedExpectationIS0_E13ActionAdaptorEvEEOT_
FNL:15,531,536
FNA:15,3,_ZNSt8functionIFiiiEEaSIN7testing8internal16TypedExpectationIS0_E13ActionAdaptorEEENSt9enable_ifIXsrNS1_9_CallableIT_NS8_IXntsrSt7is_sameINSt9remove_cvINSt16remove_referenceISA_E4typeEE4typeES1_E5valueESt5decayISA_EE4type4typeESt15__invoke_resultIRSN_JiiEEEE5valueERS1_E4typeEOSA_
FNL:16,556,561
FNA:16,3,_ZNSt8functionIFiiiEE4swapERS1_
FNL:17,573,574
FNA:17,0,_ZNKSt8functionIFSt6vectorINSt7__cxx1112basic_stringIcSt11char_traitsIcESaIcEEESaIS6_EEmEEcvbEv
FNA:17,15,_ZNKSt8functionIFiiiEEcvbEv
FNA:17,27,_ZNKSt8functionIFvRKNSt7__cxx1112basic_stringIcSt11char_traitsIcESaIcEEEEEcvbEv
FNA:17,2,_ZNKSt8functionIFvRN4calc8IHistoryEEEcvbEv
FNL:18,587,592
FNA:18,0,_ZNKSt8functionIFSt6vectorINSt7__cxx1112basic_stringIcSt11char_traitsIcESaIcEEESaIS6_EEmEEclEm
FNA:18,6,_ZNKSt8functionIFiiiEEclEii
FNA:18,0,_ZNKSt8functionIFvRKNSt7__cxx1112basic_stringIcSt11char_traitsIcESaIcEEEEEclES7_
FNA:18,0,_ZNKSt8functionIFvRN4calc8IHistoryEEEclES2_
FNL:19,743,744
FNA:19,0,_ZSteqISt6vectorINSt7__cxx1112basic_stringIcSt11char_traitsIcESaIcEEESaIS6_EEJmEEbRKSt8functionIFT_DpT0_EEDn
FNA:19,6,_ZSteqIiJiiEEbRKSt8functionIFT_DpT0_EEDn
FNA:19,27,_ZSteqIvJRKNSt7__cxx1112basic_stringIcSt11char_traitsIcESaIcEEEEEbRKSt8functionIFT_DpT0_EEDn
FNA:19,2,_ZSteqIvJRN4calc8IHistoryEEEbRKSt8functionIFT_DpT0_EEDn
FNL:20,85,85
FNA:20,18,_ZNSt9_Any_data9_M_accessEv
FNL:21,86,86
FNA:21,9,_ZNKSt9_Any_data9_M_accessEv
FNL:22,90,91
FNA:22,0,_ZNSt9_Any_data9_M_accessIPKSt9type_infoEERT_v
FNA:22,6,_ZNSt9_Any_data9_M_accessIPN7testing10OnceActionIFiiiEE18StdFunctionAdaptorINS4_23IgnoreIncomingArgumentsINS1_8internal12ReturnActionIiE4ImplIiEEEEEEEERT_v
FNA:22,12,_ZNSt9_Any_data9_M_accessIPN7testing8internal16TypedExpectationIFiiiEE13ActionAdaptorEEERT_v
FNL:23,95,96
FNA:23,3,_ZNKSt9_Any_data9_M_accessIPN7testing10OnceActionIFiiiEE18StdFunctionAdaptorINS4_23IgnoreIncomingArgumentsINS1_8internal12ReturnActionIiE4ImplIiEEEEEEEERKT_v
FNA:23,6,_ZNKSt9_Any_data9_M_accessIPN7testing8internal16TypedExpectationIFiiiEE13ActionAdaptorEEERKT_v
FNF:24
FNH:24
DA:85,18
DA:86,9
DA:90,18
DA:91,18
DA:95,9
DA:96,9
DA:134,9
DA:142,9
DA:158,9
DA:160,9
DA:161,9
DA:162,9
DA:173,9
DA:175,9
DA:176,9
DA:180,12
DA:183,12
DA:185,0
DA:187,0
DA:191,0
DA:193,0
DA:194,0
DA:195,0
DA:197,3
DA:198,3
DA:199,3
DA:200,3
DA:202,9
DA:203,9
DA:204,9
DA:206,12
DA:211,9
DA:215,9
DA:216,9
DA:235,6
DA:236,6
DA:239,50
DA:241,50
DA:243,50
DA:244,9
DA:245,50
DA:247,50
DA:267,12
DA:270,12
DA:273,0
DA:274,0
DA:275,0
DA:277,0
DA:278,0
DA:279,0
DA:281,12
DA:282,12
DA:284,12
DA:288,6
DA:290,6
DA:291,6
DA:368,35
DA:369,35
DA:386,3
DA:387,3
DA:389,3
DA:391,3
DA:392,3
DA:393,3
DA:395,3
DA:404,6
DA:405,6
DA:407,6
DA:409,6
DA:410,6
DA:411,6
DA:412,6
DA:414,6
DA:435,6
DA:437,6
DA:447,6
DA:449,6
DA:451,6
DA:452,6
DA:454,6
DA:531,3
DA:534,3
DA:535,3
DA:556,3
DA:558,3
DA:559,3
DA:560,3
DA:561,3
DA:573,44
DA:574,44
DA:587,6
DA:589,6
DA:590,0
DA:591,6
DA:743,35
DA:744,35
LF:96
LH:83
end_of_record
TN:
SF:/usr/include/c++/14/bits/stl_algobase.h
FNL:0,233,241
FNA:0,310,_ZSt3minImERKT_S2_S2_
FNL:1,257,265
FNA:1,107,_ZSt3maxImERKT_S2_S2_
FNL:2,316,318
FNA:2,132,_ZSt12__niter_baseIPNSt7__cxx1112basic_stringIcSt11char_traitsIcESaIcEEEET_S7_
FNA:2,9,_ZSt12__niter_baseIPPKvET_S3_
FNA:2,96,_ZSt12__niter_baseIPSt10shared_ptrIN7testing8internal15ExpectationBaseEEET_S6_
FNF:3
FNH:3
DA:233,310
DA:238,310
DA:239,5
DA:240,305
DA:257,107
DA:262,107
DA:263,56
DA:264,51
DA:316,237
DA:318,237
LF:10
LH:10
end_of_record
TN:
SF:/usr/include/c++/14/bits/stl_construct.h
FNL:0,109,120
FNA:0,3,_ZSt10_ConstructIN7testing10OnceActionIFiiiEE23IgnoreIncomingArgumentsINS0_8internal12ReturnActionIiE4ImplIiEEEEJSA_EEvPT_DpOT0_
FNA:0,3,_ZSt10_ConstructIN7testing10OnceActionIFiiiEEEJS3_EEvPT_DpOT0_
FNA:0,10013,_ZSt10_ConstructINSt7__cxx1112basic_stringIcSt11char_traitsIcESaIcEEEJRKS5_EEvPT_DpOT0_
FNL:1,146,153
FNA:1,3,_ZSt8_DestroyIN7testing10OnceActionIFiiiEE23IgnoreIncomingArgumentsINS0_8internal12ReturnActionIiE4ImplIiEEEEEvPT_
FNA:1,3,_ZSt8_DestroyIN7testing10OnceActionIFiiiEEEEvPT_
FNA:1,20046,_ZSt8_DestroyINSt7__cxx1112basic_stringIcSt11char_traitsIcESaIcEEEEvPT_
FNL:2,160,164
FNA:2,47,_ZNSt12_Destroy_auxILb0EE9__destroyIPNSt7__cxx1112basic_stringIcSt11char_traitsIcESaIcEEEEEvT_S9_
FNL:3,172,172
FNA:3,164,_ZNSt12_Destroy_auxILb1EE9__destroyIPPKvEEvT_S5_
FNL:4,182,197
FNA:4,47,_ZSt8_DestroyIPNSt7__cxx1112basic_stringIcSt11char_traitsIcESaIcEEEEvT_S7_
FNA:4,164,_ZSt8_DestroyIPPKvEvT_S3_
FNF:5
FNH:5
DA:109,10019
DA:119,10019
DA:120,10019
DA:146,20052
DA:151,20052
DA:153,20052
DA:160,47
DA:162,20093
DA:163,20046
DA:164,47
DA:172,164
DA:182,211
DA:196,211
DA:197,211
LF:14
LH:14
end_of_record
TN:
SF:/usr/include/c++/14/bits/stl_function.h
FNL:0,496,499
FNA:0,6,_ZNKSt8equal_toIvEclIRKiS3_EEDTeqcl7forwardIT_Efp_Ecl7forwardIT0_Efp0_EEOS4_OS5_
FNF:1
FNH:1
DA:496,6
DA:499,6
LF:2
LH:2
end_of_record
TN:
SF:/usr/include/c++/14/bits/stl_iterator.h
FNL:0,1067,1068
FNA:0,352,_ZN9__gnu_cxx17__normal_iteratorIPKNSt7__cxx1112basic_stringIcSt11char_traitsIcESaIcEEESt6vectorIS6_SaIS6_EEEC2ERKS8_
FNA:0,58,_ZN9__gnu_cxx17__normal_iteratorIPKPKvSt6vectorIS2_SaIS2_EEEC2ERKS4_
FNA:0,67,_ZN9__gnu_cxx17__normal_iteratorIPKSt10shared_ptrIN7testing8internal15ExpectationBaseEESt6vectorIS5_SaIS5_EEEC2ERKS7_
FNA:0,140,_ZN9__gnu_cxx17__normal_iteratorIPNSt7__cxx1112basic_stringIcSt11char_traitsIcESaIcEEESt6vectorIS6_SaIS6_EEEC2ERKS7_
FNA:0,211,_ZN9__gnu_cxx17__normal_iteratorIPPKvSt6vectorIS2_SaIS2_EEEC2ERKS3_
FNA:0,228,_ZN9__gnu_cxx17__normal_iteratorIPSt10shared_ptrIN7testing8internal15ExpectationBaseEESt6vectorIS5_SaIS5_EEEC2ERKS6_
FNL:1,1074,1085
FNA:1,98,_ZN9__gnu_cxx17__normal_iteratorIPKPKvSt6vectorIS2_SaIS2_EEEC2IPS2_vEERKNS0_IT_S7_EE
FNL:2,1090,1091
FNA:2,10194,_ZNK9__gnu_cxx17__normal_iteratorIPKNSt7__cxx1112basic_stringIcSt11char_traitsIcESaIcEEESt6vectorIS6_SaIS6_EEEdeEv
FNA:2,3,_ZNK9__gnu_cxx17__normal_iteratorIPKPKvSt6vectorIS2_SaIS2_EEEdeEv
FNA:2,3,_ZNK9__gnu_cxx17__normal_iteratorIPPKvSt6vectorIS2_SaIS2_EEEdeEv
FNL:3,1095,1096
FNA:3,67,_ZNK9__gnu_cxx17__normal_iteratorIPKSt10shared_ptrIN7testing8internal15ExpectationBaseEESt6vectorIS5_SaIS5_EEEptEv
FNL:4,1100,1104
FNA:4,10159,_ZN9__gnu_cxx17__normal_iteratorIPKNSt7__cxx1112basic_stringIcSt11char_traitsIcESaIcEEESt6vectorIS6_SaIS6_EEEppEv
FNA:4,3,_ZN9__gnu_cxx17__normal_iteratorIPKPKvSt6vectorIS2_SaIS2_EEEppEv
FNL:5,1114,1118
FNA:5,0,_ZN9__gnu_cxx17__normal_iteratorIPKPKvSt6vectorIS2_SaIS2_EEEmmEv
FNA:5,38,_ZN9__gnu_cxx17__normal_iteratorIPKSt10shared_ptrIN7testing8internal15ExpectationBaseEESt6vectorIS5_SaIS5_EEEmmEv
FNL:6,1148,1149
FNA:6,12,_ZNK9__gnu_cxx17__normal_iteratorIPKNSt7__cxx1112basic_stringIcSt11char_traitsIcESaIcEEESt6vectorIS6_SaIS6_EEEmiEl
FNA:6,3,_ZNK9__gnu_cxx17__normal_iteratorIPPKvSt6vectorIS2_SaIS2_EEEmiEl
FNL:7,1153,1154
FNA:7,20980,_ZNK9__gnu_cxx17__normal_iteratorIPKNSt7__cxx1112basic_stringIcSt11char_traitsIcESaIcEEESt6vectorIS6_SaIS6_EEE4baseEv
FNA:7,159,_ZNK9__gnu_cxx17__normal_iteratorIPKPKvSt6vectorIS2_SaIS2_EEE4baseEv
FNA:7,168,_ZNK9__gnu_cxx17__normal_iteratorIPKSt10shared_ptrIN7testing8internal15ExpectationBaseEESt6vectorIS5_SaIS5_EEE4baseEv
FNA:7,145,_ZNK9__gnu_cxx17__normal_iteratorIPNSt7__cxx1112basic_stringIcSt11char_traitsIcESaIcEEESt6vectorIS6_SaIS6_EEE4baseEv
FNA:7,205,_ZNK9__gnu_cxx17__normal_iteratorIPPKvSt6vectorIS2_SaIS2_EEE4baseEv
FNA:7,228,_ZNK9__gnu_cxx17__normal_iteratorIPSt10shared_ptrIN7testing8internal15ExpectationBaseEESt6vectorIS5_SaIS5_EEE4baseEv
FNL:8,1216,1219
FNA:8,156,_ZN9__gnu_cxxeqIPKNSt7__cxx1112basic_stringIcSt11char_traitsIcESaIcEEESt6vectorIS6_SaIS6_EEEEbRKNS_17__normal_iteratorIT_T0_EESH_
FNA:8,29,_ZN9__gnu_cxxeqIPKPKvSt6vectorIS2_SaIS2_EEEEbRKNS_17__normal_iteratorIT_T0_EESD_
FNA:8,35,_ZN9__gnu_cxxeqIPKSt10shared_ptrIN7testing8internal15ExpectationBaseEESt6vectorIS5_SaIS5_EEEEbRKNS_17__normal_iteratorIT_T0_EESG_
FNL:9,1224,1227
FNA:9,101,_ZN9__gnu_cxxneIPKPKvPS2_St6vectorIS2_SaIS2_EEEEbRKNS_17__normal_iteratorIT_T1_EERKNS9_IT0_SB_EE
FNL:10,1232,1235
FNA:10,10027,_ZN9__gnu_cxxneIPKNSt7__cxx1112basic_stringIcSt11char_traitsIcESaIcEEESt6vectorIS6_SaIS6_EEEEbRKNS_17__normal_iteratorIT_T0_EESH_
FNL:11,1325,1328
FNA:11,307,_ZN9__gnu_cxxmiIPKNSt7__cxx1112basic_stringIcSt11char_traitsIcESaIcEEESt6vectorIS6_SaIS6_EEEENS_17__normal_iteratorIT_T0_E15difference_typeERKSF_SI_
FNA:11,44,_ZN9__gnu_cxxmiIPNSt7__cxx1112basic_stringIcSt11char_traitsIcESaIcEEESt6vectorIS6_SaIS6_EEEENS_17__normal_iteratorIT_T0_E15difference_typeERKSE_SH_
FNA:11,3,_ZN9__gnu_cxxmiIPPKvSt6vectorIS2_SaIS2_EEEENS_17__normal_iteratorIT_T0_E15difference_typeERKSA_SD_
FNA:11,32,_ZN9__gnu_cxxmiIPSt10shared_ptrIN7testing8internal15ExpectationBaseEESt6vectorIS5_SaIS5_EEEENS_17__normal_iteratorIT_T0_E15difference_typeERKSD_SG_
FNL:12,188,191
FNA:12,58,_ZNSt16reverse_iteratorIN9__gnu_cxx17__normal_iteratorIPKPKvSt6vectorIS3_SaIS3_EEEEEC2ES9_
FNA:12,67,_ZNSt16reverse_iteratorIN9__gnu_cxx17__normal_iteratorIPKSt10shared_ptrIN7testing8internal15ExpectationBaseEESt6vectorIS6_SaIS6_EEEEEC2ESC_
FNL:13,241,243
FNA:13,58,_ZNKSt16reverse_iteratorIN9__gnu_cxx17__normal_iteratorIPKPKvSt6vectorIS3_SaIS3_EEEEE4baseEv
FNA:13,70,_ZNKSt16reverse_iteratorIN9__gnu_cxx17__normal_iteratorIPKSt10shared_ptrIN7testing8internal15ExpectationBaseEESt6vectorIS6_SaIS6_EEEEE4baseEv
FNL:14,257,261
FNA:14,0,_ZNKSt16reverse_iteratorIN9__gnu_cxx17__normal_iteratorIPKPKvSt6vectorIS3_SaIS3_EEEEEdeEv
FNL:15,270,281
FNA:15,35,_ZNKSt16reverse_iteratorIN9__gnu_cxx17__normal_iteratorIPKSt10shared_ptrIN7testing8internal15ExpectationBaseEESt6vectorIS6_SaIS6_EEEEEptEv
FNL:16,289,293
FNA:16,0,_ZNSt16reverse_iteratorIN9__gnu_cxx17__normal_iteratorIPKPKvSt6vectorIS3_SaIS3_EEEEEppEv
FNA:16,3,_ZNSt16reverse_iteratorIN9__gnu_cxx17__normal_iteratorIPKSt10shared_ptrIN7testing8internal15ExpectationBaseEESt6vectorIS6_SaIS6_EEEEEppEv
FNL:17,423,424
FNA:17,35,_ZNSt16reverse_iteratorIN9__gnu_cxx17__normal_iteratorIPKSt10shared_ptrIN7testing8internal15ExpectationBaseEESt6vectorIS6_SaIS6_EEEEE13_S_to_pointerISC_EES8_T_
FNL:18,441,443
FNA:18,29,_ZSteqIN9__gnu_cxx17__normal_iteratorIPKPKvSt6vectorIS3_SaIS3_EEEEEbRKSt16reverse_iteratorIT_ESE_
FNA:18,35,_ZSteqIN9__gnu_cxx17__normal_iteratorIPKSt10shared_ptrIN7testing8internal15ExpectationBaseEESt6vectorIS6_SaIS6_EEEEEbRKSt16reverse_iteratorIT_ESH_
FNL:19,455,457
FNA:19,29,_ZStneIN9__gnu_cxx17__normal_iteratorIPKPKvSt6vectorIS3_SaIS3_EEEEEbRKSt16reverse_iteratorIT_ESE_
FNA:19,35,_ZStneIN9__gnu_cxx17__normal_iteratorIPKSt10shared_ptrIN7testing8internal15ExpectationBaseEESt6vectorIS6_SaIS6_EEEEEbRKSt16reverse_iteratorIT_ESH_
FNF:20
FNH:19
DA:188,125
DA:190,125
DA:191,125
DA:241,128
DA:243,128
DA:257,0
DA:259,0
DA:260,0
DA:270,35
DA:278,35
DA:279,35
DA:280,35
DA:289,3
DA:291,3
DA:292,3
DA:423,35
DA:424,35
DA:441,64
DA:443,64
DA:455,64
DA:457,64
DA:1067,1056
DA:1068,1056
DA:1074,98
DA:1085,98
DA:1090,10200
DA:1091,10200
DA:1095,67
DA:1096,67
DA:1100,10162
DA:1102,10162
DA:1103,10162
DA:1114,38
DA:1116,38
DA:1117,38
DA:1148,15
DA:1149,15
DA:1153,21885
DA:1154,21885
DA:1216,220
DA:1219,220
DA:1224,101
DA:1227,101
DA:1232,10027
DA:1235,10027
DA:1325,386
DA:1328,386
LF:47
LH:44
end_of_record
TN:
SF:/usr/include/c++/14/bits/stl_iterator_base_funcs.h
FNF:0
FNH:0
DA:106,10347
DA:151,20682
DA:152,20694
LF:3
LH:3
end_of_record
TN:
SF:/usr/include/c++/14/bits/stl_iterator_base_types.h
FNF:0
FNH:0
DA:240,10359
LF:1
LH:1
end_of_record
TN:
SF:/usr/include/c++/14/bits/stl_set.h
FNL:0,169,169
FNA:0,32,_ZNSt3setIN7testing11ExpectationENS1_4LessESaIS1_EEC2Ev
FNL:1,283,283
FNA:1,32,_ZNSt3setIN7testing11ExpectationENS1_4LessESaIS1_EED2Ev
FNL:2,346,347
FNA:2,82,_ZNKSt3setIN7testing11ExpectationENS1_4LessESaIS1_EE5beginEv
FNL:3,355,356
FNA:3,100,_ZNKSt3setIN7testing11ExpectationENS1_4LessESaIS1_EE3endEv
FNF:4
FNH:4
DA:169,32
DA:283,32
DA:346,82
DA:347,82
DA:355,100
DA:356,100
LF:6
LH:6
end_of_record
TN:
SF:/usr/include/c++/14/bits/stl_tree.h
FNL:0,1005,1006
FNA:0,100,_ZNKSt8_Rb_treeIN7testing11ExpectationES1_St9_IdentityIS1_ENS1_4LessESaIS1_EE3endEv
FNL:1,142,146
FNA:1,32,_ZNSt20_Rb_tree_key_compareIN7testing11Expectation4LessEEC2Ev
FNL:2,169,173
FNA:2,59,_ZNSt15_Rb_tree_headerC2Ev
FNL:3,1926,1937
FNA:3,38,_ZNSt8_Rb_treeIN7testing11ExpectationES1_St9_IdentityIS1_ENS1_4LessESaIS1_EE8_M_eraseEPSt13_Rb_tree_nodeIS1_E
FNL:4,202,208
FNA:4,83,_ZNSt15_Rb_tree_header8_M_resetEv
FNL:5,230,231
FNA:5,12,_ZNSt13_Rb_tree_nodeIN7testing11ExpectationEE9_M_valptrEv
FNL:6,234,235
FNA:6,21,_ZNKSt13_Rb_tree_nodeIN7testing11ExpectationEE9_M_valptrEv
FNL:7,343,344
FNA:7,182,_ZNSt23_Rb_tree_const_iteratorIN7testing11ExpectationEEC2EPKSt18_Rb_tree_node_base
FNL:8,358,359
FNA:8,21,_ZNKSt23_Rb_tree_const_iteratorIN7testing11ExpectationEEptEv
FNL:9,362,366
FNA:9,18,_ZNSt23_Rb_tree_const_iteratorIN7testing11ExpectationEEppEv
FNL:10,397,398
FNA:10,100,_ZStneRKSt23_Rb_tree_const_iteratorIN7testing11ExpectationEES4_
FNL:11,545,546
FNA:11,24,_ZNSt8_Rb_treeIN7testing11ExpectationES1_St9_IdentityIS1_ENS1_4LessESaIS1_EE21_M_get_Node_allocatorEv
FNL:12,562,563
FNA:12,6,_ZNSt8_Rb_treeIN7testing11ExpectationES1_St9_IdentityIS1_ENS1_4LessESaIS1_EE11_M_put_nodeEPSt13_Rb_tree_nodeIS1_E
FNL:13,616,624
FNA:13,6,_ZNSt8_Rb_treeIN7testing11ExpectationES1_St9_IdentityIS1_ENS1_4LessESaIS1_EE15_M_destroy_nodeEPSt13_Rb_tree_nodeIS1_E
FNL:14,627,631
FNA:14,6,_ZNSt8_Rb_treeIN7testing11ExpectationES1_St9_IdentityIS1_ENS1_4LessESaIS1_EE12_M_drop_nodeEPSt13_Rb_tree_nodeIS1_E
FNL:15,665,670
FNA:15,32,_ZNSt8_Rb_treeIN7testing11ExpectationES1_St9_IdentityIS1_ENS1_4LessESaIS1_EE13_Rb_tree_implIS4_Lb1EEC2Ev
FNL:16,732,733
FNA:16,38,_ZNKSt8_Rb_treeIN7testing11ExpectationES1_St9_IdentityIS1_ENS1_4LessESaIS1_EE9_M_mbeginEv
FNL:17,736,737
FNA:17,38,_ZNSt8_Rb_treeIN7testing11ExpectationES1_St9_IdentityIS1_ENS1_4LessESaIS1_EE8_M_beginEv
FNL:18,777,778
FNA:18,6,_ZNSt8_Rb_treeIN7testing11ExpectationES1_St9_IdentityIS1_ENS1_4LessESaIS1_EE7_S_leftEPSt18_Rb_tree_node_base
FNL:19,785,786
FNA:19,6,_ZNSt8_Rb_treeIN7testing11ExpectationES1_St9_IdentityIS1_ENS1_4LessESaIS1_EE8_S_rightEPSt18_Rb_tree_node_base
FNL:20,926,926
FNA:20,32,_ZNSt8_Rb_treeIN7testing11ExpectationES1_St9_IdentityIS1_ENS1_4LessESaIS1_EEC2Ev
FNL:21,981,982
FNA:21,32,_ZNSt8_Rb_treeIN7testing11ExpectationES1_St9_IdentityIS1_ENS1_4LessESaIS1_EED2Ev
FNL:22,997,998
FNA:22,82,_ZNKSt8_Rb_treeIN7testing11ExpectationES1_St9_IdentityIS1_ENS1_4LessESaIS1_EE5beginEv
FNF:23
FNH:23
DA:142,32
DA:146,32
DA:169,59
DA:170,59
DA:171,59
DA:172,59
DA:173,59
DA:202,83
DA:204,83
DA:205,83
DA:206,83
DA:207,83
DA:208,83
DA:230,12
DA:231,12
DA:234,21
DA:235,21
DA:343,182
DA:344,182
DA:358,21
DA:359,21
DA:362,18
DA:364,18
DA:365,18
DA:397,100
DA:398,100
DA:545,24
DA:546,24
DA:562,6
DA:563,6
DA:616,6
DA:621,6
DA:622,6
DA:624,6
DA:627,6
DA:629,6
DA:630,6
DA:631,6
DA:665,32
DA:669,32
DA:670,32
DA:732,38
DA:733,38
DA:736,38
DA:737,38
DA:777,6
DA:778,6
DA:785,6
DA:786,6
DA:926,32
DA:981,32
DA:982,32
DA:997,82
DA:998,82
DA:1005,100
DA:1006,100
DA:1926,38
DA:1930,44
DA:1932,6
DA:1933,6
DA:1934,6
DA:1935,6
DA:1937,38
LF:63
LH:63
end_of_record
TN:
SF:/usr/include/c++/14/bits/stl_uninitialized.h
FNL:0,1067,1077
FNA:0,16392,_ZSt19__relocate_object_aINSt7__cxx1112basic_stringIcSt11char_traitsIcESaIcEEES5_SaIS5_EEvPT_PT0_RT1_
FNA:0,6,_ZSt19__relocate_object_aISt10shared_ptrIN7testing8internal15ExpectationBaseEES4_SaIS4_EEvPT_PT0_RT1_
FNL:1,1089,1106
FNA:1,44,_ZSt14__relocate_a_1IPNSt7__cxx1112basic_stringIcSt11char_traitsIcESaIcEEES6_SaIS5_EET0_T_S9_S8_RT1_
FNA:1,32,_ZSt14__relocate_a_1IPSt10shared_ptrIN7testing8internal15ExpectationBaseEES5_SaIS4_EET0_T_S8_S7_RT1_
FNL:2,1112,1132
FNA:2,3,_ZSt14__relocate_a_1IPKvS1_ENSt9enable_ifIXsrSt24__is_bitwise_relocatableIT_vE5valueEPS4_E4typeES6_S6_S6_RSaIT0_E
FNL:3,113,128
FNA:3,14,_ZSt16__do_uninit_copyIN9__gnu_cxx17__normal_iteratorIPKNSt7__cxx1112basic_stringIcSt11char_traitsIcESaIcEEESt6vectorIS7_SaIS7_EEEEPS7_ET0_T_SG_SF_
FNL:4,1139,1148
FNA:4,44,_ZSt12__relocate_aIPNSt7__cxx1112basic_stringIcSt11char_traitsIcESaIcEEES6_SaIS5_EET0_T_S9_S8_RT1_
FNA:4,3,_ZSt12__relocate_aIPPKvS2_SaIS1_EET0_T_S5_S4_RT1_
FNA:4,32,_ZSt12__relocate_aIPSt10shared_ptrIN7testing8internal15ExpectationBaseEES5_SaIS4_EET0_T_S8_S7_RT1_
FNL:5,135,137
FNA:5,14,_ZNSt20__uninitialized_copyILb0EE13__uninit_copyIN9__gnu_cxx17__normal_iteratorIPKNSt7__cxx1112basic_stringIcSt11char_traitsIcESaIcEEESt6vectorIS9_SaIS9_EEEEPS9_EET0_T_SI_SH_
FNL:6,163,186
FNA:6,14,_ZSt18uninitialized_copyIN9__gnu_cxx17__normal_iteratorIPKNSt7__cxx1112basic_stringIcSt11char_traitsIcESaIcEEESt6vectorIS7_SaIS7_EEEEPS7_ET0_T_SG_SF_
FNL:7,366,374
FNA:7,14,_ZSt22__uninitialized_copy_aIN9__gnu_cxx17__normal_iteratorIPKNSt7__cxx1112basic_stringIcSt11char_traitsIcESaIcEEESt6vectorIS7_SaIS7_EEEEPS7_S7_ET0_T_SG_SF_RSaIT1_E
FNF:8
FNH:8
DA:113,14
DA:116,14
DA:119,10027
DA:120,10013
DA:121,14
DA:123,0
DA:125,0
DA:126,0
DA:135,14
DA:137,14
DA:163,14
DA:174,14
DA:181,14
DA:185,14
DA:366,14
DA:373,14
DA:1067,16398
DA:1075,16398
DA:1076,16398
DA:1077,16398
DA:1089,76
DA:1101,76
DA:1102,16474
DA:1103,16398
DA:1105,76
DA:1112,3
DA:1116,3
DA:1117,3
DA:1129,0
DA:1131,3
DA:1139,79
DA:1145,79
DA:1147,79
LF:33
LH:29
end_of_record
TN:
SF:/usr/include/c++/14/bits/stl_vector.h
FNL:0,104,107
FNA:0,0,_ZNSt12_Vector_baseINSt7__cxx1112basic_stringIcSt11char_traitsIcESaIcEEESaIS5_EE17_Vector_impl_dataC2EOS8_
FNL:1,1090,1091
FNA:1,4,_ZNKSt6vectorINSt7__cxx1112basic_stringIcSt11char_traitsIcESaIcEEESaIS5_EE5emptyEv
FNL:2,112,117
FNA:2,30,_ZNSt12_Vector_baseINSt7__cxx1112basic_stringIcSt11char_traitsIcESaIcEEESaIS5_EE17_Vector_impl_data12_M_copy_dataERKS8_
FNA:2,198,_ZNSt12_Vector_baseIPKvSaIS1_EE17_Vector_impl_data12_M_copy_dataERKS4_
FNL:3,1128,1132
FNA:3,12,_ZNSt6vectorINSt7__cxx1112basic_stringIcSt11char_traitsIcESaIcEEESaIS5_EEixEm
FNL:4,1147,1151
FNA:4,3,_ZNKSt6vectorIPKvSaIS1_EEixEm
FNA:4,0,_ZNKSt6vectorISt10shared_ptrIN7testing8internal15ExpectationBaseEESaIS4_EEixEm
FNL:5,121,129
FNA:5,10,_ZNSt12_Vector_baseINSt7__cxx1112basic_stringIcSt11char_traitsIcESaIcEEESaIS5_EE17_Vector_impl_data12_M_swap_dataERS8_
FNA:5,66,_ZNSt12_Vector_baseIPKvSaIS1_EE17_Vector_impl_data12_M_swap_dataERS4_
FNL:6,1235,1239
FNA:6,3,_ZNSt6vectorIPKvSaIS1_EE4backEv
FNL:7,1283,1295
FNA:7,10013,_ZNSt6vectorINSt7__cxx1112basic_stringIcSt11char_traitsIcESaIcEEESaIS5_EE9push_backERKS5_
FNA:7,32,_ZNSt6vectorISt10shared_ptrIN7testing8internal15ExpectationBaseEESaIS4_EE9push_backERKS4_
FNL:8,1300,1301
FNA:8,3,_ZNSt6vectorIPKvSaIS1_EE9push_backEOS1_
FNL:9,136,142
FNA:9,31,_ZNSt12_Vector_baseINSt7__cxx1112basic_stringIcSt11char_traitsIcESaIcEEESaIS5_EE12_Vector_implC2Ev
FNA:9,164,_ZNSt12_Vector_baseIPKvSaIS1_EE12_Vector_implC2Ev
FNL:10,145,147
FNA:10,16,_ZNSt12_Vector_baseINSt7__cxx1112basic_stringIcSt11char_traitsIcESaIcEEESaIS5_EE12_Vector_implC2ERKS6_
FNL:11,153,155
FNA:11,0,_ZNSt12_Vector_baseINSt7__cxx1112basic_stringIcSt11char_traitsIcESaIcEEESaIS5_EE12_Vector_implC2EOS8_
FNL:12,1588,1597
FNA:12,66,_ZNSt6vectorIPKvSaIS1_EE4swapERS3_
FNL:13,1689,1700
FNA:13,12,_ZNSt6vectorINSt7__cxx1112basic_stringIcSt11char_traitsIcESaIcEEESaIS5_EE19_M_range_initializeIN9__gnu_cxx17__normal_iteratorIPKS5_S7_EEEEvT_SE_St20forward_iterator_tag
FNL:14,1906,1913
FNA:14,39,_ZNKSt6vectorINSt7__cxx1112basic_stringIcSt11char_traitsIcESaIcEEESaIS5_EE12_M_check_lenEmPKc
FNA:14,3,_ZNKSt6vectorIPKvSaIS1_EE12_M_check_lenEmPKc
FNA:14,32,_ZNKSt6vectorISt10shared_ptrIN7testing8internal15ExpectationBaseEESaIS4_EE12_M_check_lenEmPKc
FNL:15,1917,1923
FNA:15,12,_ZNSt6vectorINSt7__cxx1112basic_stringIcSt11char_traitsIcESaIcEEESaIS5_EE17_S_check_init_lenEmRKS6_
FNL:16,1926,1935
FNA:16,95,_ZNSt6vectorINSt7__cxx1112basic_stringIcSt11char_traitsIcESaIcEEESaIS5_EE11_S_max_sizeERKS6_
FNA:16,6,_ZNSt6vectorIPKvSaIS1_EE11_S_max_sizeERKS2_
FNA:16,64,_ZNSt6vectorISt10shared_ptrIN7testing8internal15ExpectationBaseEESaIS4_EE11_S_max_sizeERKS5_
FNL:17,1969,1975
FNA:17,2,_ZNSt6vectorINSt7__cxx1112basic_stringIcSt11char_traitsIcESaIcEEESaIS5_EE14_M_move_assignEOS7_St17integral_constantIbLb1EE
FNL:18,300,301
FNA:18,133,_ZNSt12_Vector_baseINSt7__cxx1112basic_stringIcSt11char_traitsIcESaIcEEESaIS5_EE19_M_get_Tp_allocatorEv
FNA:18,299,_ZNSt12_Vector_baseIPKvSaIS1_EE19_M_get_Tp_allocatorEv
FNA:18,323,_ZNSt12_Vector_baseISt10shared_ptrIN7testing8internal15ExpectationBaseEESaIS4_EE19_M_get_Tp_allocatorEv
FNL:19,305,306
FNA:19,87,_ZNKSt12_Vector_baseINSt7__cxx1112basic_stringIcSt11char_traitsIcESaIcEEESaIS5_EE19_M_get_Tp_allocatorEv
FNA:19,6,_ZNKSt12_Vector_baseIPKvSaIS1_EE19_M_get_Tp_allocatorEv
FNA:19,64,_ZNKSt12_Vector_baseISt10shared_ptrIN7testing8internal15ExpectationBaseEESaIS4_EE19_M_get_Tp_allocatorEv
FNL:20,310,311
FNA:20,2,_ZNKSt12_Vector_baseINSt7__cxx1112basic_stringIcSt11char_traitsIcESaIcEEESaIS5_EE13get_allocatorEv
FNL:21,314,314
FNA:21,31,_ZNSt12_Vector_baseINSt7__cxx1112basic_stringIcSt11char_traitsIcESaIcEEESaIS5_EEC2Ev
FNA:21,164,_ZNSt12_Vector_baseIPKvSaIS1_EEC2Ev
FNL:22,320,321
FNA:22,14,_ZNSt12_Vector_baseINSt7__cxx1112basic_stringIcSt11char_traitsIcESaIcEEESaIS5_EEC2ERKS6_
FNL:23,337,337
FNA:23,0,_ZNSt12_Vector_baseINSt7__cxx1112basic_stringIcSt11char_traitsIcESaIcEEESaIS5_EEC2EOS7_
FNL:24,366,370
FNA:24,47,_ZNSt12_Vector_baseINSt7__cxx1112basic_stringIcSt11char_traitsIcESaIcEEESaIS5_EED2Ev
FNA:24,164,_ZNSt12_Vector_baseIPKvSaIS1_EED2Ev
FNL:25,377,381
FNA:25,58,_ZNSt12_Vector_baseINSt7__cxx1112basic_stringIcSt11char_traitsIcESaIcEEESaIS5_EE11_M_allocateEm
FNA:25,3,_ZNSt12_Vector_baseIPKvSaIS1_EE11_M_allocateEm
FNA:25,32,_ZNSt12_Vector_baseISt10shared_ptrIN7testing8internal15ExpectationBaseEESaIS4_EE11_M_allocateEm
FNL:26,385,390
FNA:26,52,_ZNSt12_Vector_baseINSt7__cxx1112basic_stringIcSt11char_traitsIcESaIcEEESaIS5_EE13_M_deallocateEPS5_m
FNA:26,164,_ZNSt12_Vector_baseIPKvSaIS1_EE13_M_deallocateEPS1_m
FNL:27,504,514
FNA:27,44,_ZNSt6vectorINSt7__cxx1112basic_stringIcSt11char_traitsIcESaIcEEESaIS5_EE11_S_relocateEPS5_S8_S8_RS6_
FNA:27,3,_ZNSt6vectorIPKvSaIS1_EE11_S_relocateEPS1_S4_S4_RS2_
FNA:27,32,_ZNSt6vectorISt10shared_ptrIN7testing8internal15ExpectationBaseEESaIS4_EE11_S_relocateEPS4_S7_S7_RS5_
FNL:28,531,531
FNA:28,31,_ZNSt6vectorINSt7__cxx1112basic_stringIcSt11char_traitsIcESaIcEEESaIS5_EEC2Ev
FNA:28,164,_ZNSt6vectorIPKvSaIS1_EEC2Ev
FNL:29,542,543
FNA:29,2,_ZNSt6vectorINSt7__cxx1112basic_stringIcSt11char_traitsIcESaIcEEESaIS5_EEC2ERKS6_
FNL:30,620,620
FNA:30,0,_ZNSt6vectorINSt7__cxx1112basic_stringIcSt11char_traitsIcESaIcEEESaIS5_EEC2EOS7_
FNL:31,707,713
FNA:31,12,_ZNSt6vectorINSt7__cxx1112basic_stringIcSt11char_traitsIcESaIcEEESaIS5_EEC2IN9__gnu_cxx17__normal_iteratorIPKS5_S7_EEvEET_SE_RKS6_
FNL:32,733,738
FNA:32,47,_ZNSt6vectorINSt7__cxx1112basic_stringIcSt11char_traitsIcESaIcEEESaIS5_EED2Ev
FNA:32,164,_ZNSt6vectorIPKvSaIS1_EED2Ev
FNL:33,766,773
FNA:33,2,_ZNSt6vectorINSt7__cxx1112basic_stringIcSt11char_traitsIcESaIcEEESaIS5_EEaSEOS7_
FNL:34,873,874
FNA:34,60,_ZNSt6vectorINSt7__cxx1112basic_stringIcSt11char_traitsIcESaIcEEESaIS5_EE5beginEv
FNA:34,101,_ZNSt6vectorIPKvSaIS1_EE5beginEv
FNA:34,98,_ZNSt6vectorISt10shared_ptrIN7testing8internal15ExpectationBaseEESaIS4_EE5beginEv
FNL:35,883,884
FNA:35,149,_ZNKSt6vectorINSt7__cxx1112basic_stringIcSt11char_traitsIcESaIcEEESaIS5_EE5beginEv
FNA:35,29,_ZNKSt6vectorIPKvSaIS1_EE5beginEv
FNA:35,35,_ZNKSt6vectorISt10shared_ptrIN7testing8internal15ExpectationBaseEESaIS4_EE5beginEv
FNL:36,893,894
[...]
FNA:24,6,_ZN7testing8internal11MatcherBaseIiE4InitINS0_9EqMatcherIiEEEEvOT_
FNL:25,483,483
FNA:25,27,_ZN7testing7MatcherIRKSt5tupleIJRKNSt7__cxx1112basic_stringIcSt11char_traitsIcESaIcEEEEEEC2IRKNS_8internal15AnythingMatcherEvEEOT_
FNA:25,2,_ZN7testing7MatcherIRKSt5tupleIJRN4calc8IHistoryEEEEC2IRKNS_8internal15AnythingMatcherEvEEOT_
FNA:25,3,_ZN7testing7MatcherIRKSt5tupleIJiiEEEC2IRKNS_8internal15AnythingMatcherEvEEOT_
FNA:25,2,_ZN7testing7MatcherIRN4calc8IHistoryEEC2IRKNS_8internal15AnythingMatcherEvEEOT_
FNA:25,6,_ZN7testing7MatcherIiEC2INS_8internal9EqMatcherIiEEvEEOT_
FNL:26,694,694
FNA:26,6,_ZN7testing8internal14ComparisonBaseINS0_9EqMatcherIiEEiSt8equal_toIvEEC2ERKi
FNL:27,699,701
FNA:27,6,_ZNK7testing8internal14ComparisonBaseINS0_9EqMatcherIiEEiSt8equal_toIvEE15MatchAndExplainIiEEbRKT_PSo
FNL:28,702,705
FNA:28,0,_ZNK7testing8internal14ComparisonBaseINS0_9EqMatcherIiEEiSt8equal_toIvEE10DescribeToEPSo
FNL:29,706,709
FNA:29,0,_ZNK7testing8internal14ComparisonBaseINS0_9EqMatcherIiEEiSt8equal_toIvEE18DescribeNegationToEPSo
FNL:30,713,715
FNA:30,6,_ZN7testing8internal14ComparisonBaseINS0_9EqMatcherIiEEiSt8equal_toIvEE6UnwrapIiEERKT_SA_
FNL:31,727,728
FNA:31,6,_ZN7testing8internal9EqMatcherIiEC2ERKi
FNL:32,729,729
FNA:32,0,_ZN7testing8internal9EqMatcherIiE4DescEv
FNL:33,730,730
FNA:33,0,_ZN7testing8internal9EqMatcherIiE11NegatedDescEv
FNL:34,83,83
FNA:34,67,_ZN7testing19MatchResultListenerC2EPSo
FNL:35,862,864
FNA:35,6,_ZN7testing2EqIiEENS_8internal9EqMatcherIT_EES3_
FNL:36,869,871
FNA:36,6,_ZN7testing7MatcherIiEC2Ei
FNL:37,95,95
FNA:37,67,_ZN7testing19MatchResultListener6streamEv
FNF:38
FNH:29
DA:83,67
DA:95,67
DA:110,67
DA:116,240
DA:131,0
DA:132,0
DA:133,0
DA:134,0
DA:135,0
DA:185,67
DA:208,81
DA:209,216
DA:232,67
DA:233,67
DA:234,67
DA:238,67
DA:239,67
DA:240,134
DA:241,67
DA:244,0
DA:245,0
DA:246,0
DA:247,0
DA:250,0
DA:251,0
DA:252,0
DA:253,0
DA:270,6
DA:281,40
DA:282,40
DA:283,40
DA:285,105
DA:286,105
DA:287,105
DA:288,105
DA:299,35
DA:300,35
DA:301,35
DA:302,35
DA:304,6
DA:305,6
DA:306,6
DA:307,6
DA:308,6
DA:309,6
DA:310,6
DA:313,240
DA:327,378
DA:328,378
DA:333,40
DA:336,40
DA:347,0
DA:349,0
DA:350,0
DA:352,0
DA:354,0
DA:357,0
DA:369,0
DA:373,40
DA:377,40
DA:389,273
DA:390,273
DA:391,27
DA:393,273
DA:404,40
DA:407,40
DA:409,40
DA:411,40
DA:412,40
DA:413,40
DA:445,40
DA:448,40
DA:449,40
DA:450,40
DA:483,40
DA:694,6
DA:699,6
DA:700,6
DA:702,0
DA:703,0
DA:704,0
DA:705,0
DA:706,0
DA:707,0
DA:708,0
DA:709,0
DA:713,6
DA:714,6
DA:727,6
DA:728,6
DA:729,0
DA:730,0
DA:862,6
DA:863,6
DA:869,6
DA:870,6
DA:871,6
LF:97
LH:67
end_of_record
TN:
SF:/usr/local/include/gtest/gtest-message.h
FNF:0
FNH:0
LF:0
LH:0
end_of_record
TN:
SF:/usr/local/include/gtest/gtest-printers.h
FNL:0,1045,1052
FNA:0,0,_ZN7testing8internal16UniversalPrinterIRKNSt7__cxx1112basic_stringIcSt11char_traitsIcESaIcEEEE5PrintES9_PSo
FNA:0,0,_ZN7testing8internal16UniversalPrinterIRN4calc8IHistoryEE5PrintERKS3_PSo
FNL:1,1064,1066
FNA:1,0,_ZN7testing8internal21UniversalTersePrinterINSt7__cxx1112basic_stringIcSt11char_traitsIcESaIcEEEE5PrintERKS7_PSo
FNA:1,0,_ZN7testing8internal21UniversalTersePrinterIiE5PrintERKiPSo
FNA:1,0,_ZN7testing8internal21UniversalTersePrinterImE5PrintERKmPSo
FNL:2,1092,1098
FNA:2,0,_ZN7testing8internal21UniversalTersePrinterIPKcE5PrintES3_PSo
FNL:3,1183,1188
FNA:3,0,_ZN7testing8internal14UniversalPrintIN4calc8IHistoryEEEvRKT_PSo
FNA:3,0,_ZN7testing8internal14UniversalPrintINSt7__cxx1112basic_stringIcSt11char_traitsIcESaIcEEEEEvRKT_PSo
FNA:3,0,_ZN7testing8internal14UniversalPrintISt5tupleIJRKNSt7__cxx1112basic_stringIcSt11char_traitsIcESaIcEEEEEEEvRKT_PSo
FNA:3,0,_ZN7testing8internal14UniversalPrintISt5tupleIJRN4calc8IHistoryEEEEEvRKT_PSo
FNA:3,0,_ZN7testing8internal14UniversalPrintISt5tupleIJiiEEEEvRKT_PSo
FNA:3,0,_ZN7testing8internal14UniversalPrintISt5tupleIJmEEEEvRKT_PSo
FNA:3,0,_ZN7testing8internal14UniversalPrintIiEEvRKT_PSo
FNA:3,0,_ZN7testing8internal14UniversalPrintImEEvRKT_PSo
FNL:4,1223,1227
FNA:4,0,_ZN7testing13PrintToStringINSt7__cxx1112basic_stringIcSt11char_traitsIcESaIcEEEEES6_RKT_
FNA:4,0,_ZN7testing13PrintToStringIPKcEENSt7__cxx1112basic_stringIcSt11char_traitsIcESaIcEEERKT_
FNA:4,0,_ZN7testing13PrintToStringIiEENSt7__cxx1112basic_stringIcSt11char_traitsIcESaIcEEERKT_
FNA:4,0,_ZN7testing13PrintToStringImEENSt7__cxx1112basic_stringIcSt11char_traitsIcESaIcEEERKT_
FNL:5,168,191
FNA:5,0,_ZN7testing8internal16ContainerPrinter10PrintValueISt6vectorINSt7__cxx1112basic_stringIcSt11char_traitsIcESaIcEEESaIS9_EEvEEvRKT_PSo
FNL:6,248,253
FNA:6,0,_ZN7testing8internal52internal_stream_operator_without_lexical_name_lookup13StreamPrinter10PrintValueIivEEDTcvvlsdefp0_fp_ERKT_PSo
FNA:6,0,_ZN7testing8internal52internal_stream_operator_without_lexical_name_lookup13StreamPrinter10PrintValueImvEEDTcvvlsdefp0_fp_ERKT_PSo
FNL:7,315,321
FNA:7,0,_ZN7testing8internal15RawBytesPrinter10PrintValueIN4calc8IHistoryELm8EEEvRKT_PSo
FNL:8,352,363
FNA:8,0,_ZN7testing8internal17PrintWithFallbackIN4calc8IHistoryEEEvRKT_PSo
FNA:8,0,_ZN7testing8internal17PrintWithFallbackISt6vectorINSt7__cxx1112basic_stringIcSt11char_traitsIcESaIcEEESaIS8_EEEEvRKT_PSo
FNA:8,0,_ZN7testing8internal17PrintWithFallbackIiEEvRKT_PSo
FNA:8,0,_ZN7testing8internal17PrintWithFallbackImEEvRKT_PSo
FNL:9,383,385
FNA:9,0,_ZN7testing8internal19FormatForComparisonINSt7__cxx1112basic_stringIcSt11char_traitsIcESaIcEEEA10_cE6FormatERKS7_
FNA:9,0,_ZN7testing8internal19FormatForComparisonINSt7__cxx1112basic_stringIcSt11char_traitsIcESaIcEEEA1_cE6FormatERKS7_
FNA:9,0,_ZN7testing8internal19FormatForComparisonIiiE6FormatB5cxx11ERKi
FNA:9,0,_ZN7testing8internal19FormatForComparisonIimE6FormatB5cxx11ERKi
FNA:9,0,_ZN7testing8internal19FormatForComparisonImiE6FormatB5cxx11ERKm
FNL:10,392,394
FNA:10,0,_ZN7testing8internal19FormatForComparisonIA10_cNSt7__cxx1112basic_stringIcSt11char_traitsIcESaIcEEEE6FormatEPKc
FNA:10,0,_ZN7testing8internal19FormatForComparisonIA1_cNSt7__cxx1112basic_stringIcSt11char_traitsIcESaIcEEEE6FormatEPKc
FNL:11,437,437
FNA:11,0,_ZN7testing8internal19FormatForComparisonIPKcNSt7__cxx1112basic_stringIcSt11char_traitsIcESaIcEEEE6FormatES3_
FNL:12,463,466
FNA:12,0,_ZN7testing8internal33FormatForComparisonFailureMessageIA10_cNSt7__cxx1112basic_stringIcSt11char_traitsIcESaIcEEEEES8_RKT_RKT0_
FNA:12,0,_ZN7testing8internal33FormatForComparisonFailureMessageIA1_cNSt7__cxx1112basic_stringIcSt11char_traitsIcESaIcEEEEES8_RKT_RKT0_
FNA:12,0,_ZN7testing8internal33FormatForComparisonFailureMessageINSt7__cxx1112basic_stringIcSt11char_traitsIcESaIcEEEA10_cEES7_RKT_RKT0_
FNA:12,0,_ZN7testing8internal33FormatForComparisonFailureMessageINSt7__cxx1112basic_stringIcSt11char_traitsIcESaIcEEEA1_cEES7_RKT_RKT0_
FNA:12,0,_ZN7testing8internal33FormatForComparisonFailureMessageIiiEENSt7__cxx1112basic_stringIcSt11char_traitsIcESaIcEEERKT_RKT0_
FNA:12,0,_ZN7testing8internal33FormatForComparisonFailureMessageIimEENSt7__cxx1112basic_stringIcSt11char_traitsIcESaIcEEERKT_RKT0_
FNA:12,0,_ZN7testing8internal33FormatForComparisonFailureMessageImiEENSt7__cxx1112basic_stringIcSt11char_traitsIcESaIcEEERKT_RKT0_
FNL:13,490,492
FNA:13,0,_ZN7testing8internal7PrintToIN4calc8IHistoryEEEvRKT_PSo
FNA:13,0,_ZN7testing8internal7PrintToISt6vectorINSt7__cxx1112basic_stringIcSt11char_traitsIcESaIcEEESaIS8_EEEEvRKT_PSo
FNA:13,0,_ZN7testing8internal7PrintToIiEEvRKT_PSo
FNA:13,0,_ZN7testing8internal7PrintToImEEvRKT_PSo
FNL:14,700,702
FNA:14,0,_ZN7testing8internal7PrintToERKNSt7__cxx1112basic_stringIcSt11char_traitsIcESaIcEEEPSo
FNL:15,827,828
FNA:15,0,_ZN7testing8internal12PrintTupleToISt5tupleIJRKNSt7__cxx1112basic_stringIcSt11char_traitsIcESaIcEEEEEEEvRKT_St17integral_constantImLm0EEPSo
FNA:15,0,_ZN7testing8internal12PrintTupleToISt5tupleIJRN4calc8IHistoryEEEEEvRKT_St17integral_constantImLm0EEPSo
FNA:15,0,_ZN7testing8internal12PrintTupleToISt5tupleIJiiEEEEvRKT_St17integral_constantImLm0EEPSo
FNA:15,0,_ZN7testing8internal12PrintTupleToISt5tupleIJmEEEEvRKT_St17integral_constantImLm0EEPSo
FNL:16,831,841
FNA:16,0,_ZN7testing8internal12PrintTupleToISt5tupleIJRKNSt7__cxx1112basic_stringIcSt11char_traitsIcESaIcEEEEELm1EEEvRKT_St17integral_constantImXT0_EEPSo
FNA:16,0,_ZN7testing8internal12PrintTupleToISt5tupleIJRN4calc8IHistoryEEELm1EEEvRKT_St17integral_constantImXT0_EEPSo
FNA:16,0,_ZN7testing8internal12PrintTupleToISt5tupleIJiiEELm1EEEvRKT_St17integral_constantImXT0_EEPSo
FNA:16,0,_ZN7testing8internal12PrintTupleToISt5tupleIJiiEELm2EEEvRKT_St17integral_constantImXT0_EEPSo
FNA:16,0,_ZN7testing8internal12PrintTupleToISt5tupleIJmEELm1EEEvRKT_St17integral_constantImXT0_EEPSo
FNL:17,844,848
FNA:17,0,_ZN7testing8internal7PrintToIJRKNSt7__cxx1112basic_stringIcSt11char_traitsIcESaIcEEEEEEvRKSt5tupleIJDpT_EEPSo
FNA:17,0,_ZN7testing8internal7PrintToIJRN4calc8IHistoryEEEEvRKSt5tupleIJDpT_EEPSo
FNA:17,0,_ZN7testing8internal7PrintToIJiiEEEvRKSt5tupleIJDpT_EEPSo
FNA:17,0,_ZN7testing8internal7PrintToIJmEEEvRKSt5tupleIJDpT_EEPSo
FNL:18,874,884
FNA:18,0,_ZN7testing8internal16UniversalPrinterIN4calc8IHistoryEE5PrintERKS3_PSo
FNA:18,0,_ZN7testing8internal16UniversalPrinterINSt7__cxx1112basic_stringIcSt11char_traitsIcESaIcEEEE5PrintERKS7_PSo
FNA:18,0,_ZN7testing8internal16UniversalPrinterISt5tupleIJRKNSt7__cxx1112basic_stringIcSt11char_traitsIcESaIcEEEEEE5PrintERKSB_PSo
FNA:18,0,_ZN7testing8internal16UniversalPrinterISt5tupleIJRN4calc8IHistoryEEEE5PrintERKS6_PSo
FNA:18,0,_ZN7testing8internal16UniversalPrinterISt5tupleIJiiEEE5PrintERKS3_PSo
FNA:18,0,_ZN7testing8internal16UniversalPrinterISt5tupleIJmEEE5PrintERKS3_PSo
FNA:18,0,_ZN7testing8internal16UniversalPrinterISt6vectorINSt7__cxx1112basic_stringIcSt11char_traitsIcESaIcEEESaIS8_EEE5PrintERKSA_PSo
FNA:18,0,_ZN7testing8internal16UniversalPrinterIiE5PrintERKiPSo
FNA:18,0,_ZN7testing8internal16UniversalPrinterImE5PrintERKmPSo
FNF:19
FNH:0
DA:168,0
DA:169,0
DA:170,0
DA:171,0
DA:172,0
DA:173,0
DA:174,0
DA:175,0
DA:176,0
DA:177,0
DA:180,0
DA:183,0
DA:184,0
DA:187,0
DA:188,0
DA:190,0
DA:191,0
DA:248,0
DA:252,0
DA:253,0
DA:315,0
DA:316,0
DA:319,0
DA:321,0
DA:352,0
DA:362,0
DA:363,0
DA:383,0
DA:384,0
DA:392,0
DA:393,0
DA:437,0
DA:463,0
DA:465,0
DA:490,0
DA:491,0
DA:492,0
DA:700,0
DA:701,0
DA:702,0
DA:827,0
DA:828,0
DA:831,0
DA:833,0
DA:837,0
DA:839,0
DA:840,0
DA:841,0
DA:844,0
DA:845,0
DA:846,0
DA:847,0
DA:848,0
DA:874,0
DA:883,0
DA:884,0
DA:1045,0
DA:1048,0
DA:1051,0
DA:1052,0
DA:1064,0
DA:1065,0
DA:1066,0
DA:1092,0
DA:1093,0
DA:1094,0
DA:1096,0
DA:1098,0
DA:1183,0
DA:1187,0
DA:1188,0
DA:1223,0
DA:1224,0
DA:1225,0
DA:1226,0
DA:1227,0
LF:76
LH:0
end_of_record
TN:
SF:/usr/local/include/gtest/gtest.h
FNL:0,1374,1380
FNA:0,0,_ZN7testing8internal18CmpHelperEQFailureINSt7__cxx1112basic_stringIcSt11char_traitsIcESaIcEEEA10_cEENS_15AssertionResultEPKcSB_RKT_RKT0_
FNA:0,0,_ZN7testing8internal18CmpHelperEQFailureINSt7__cxx1112basic_stringIcSt11char_traitsIcESaIcEEEA1_cEENS_15AssertionResultEPKcSB_RKT_RKT0_
FNA:0,0,_ZN7testing8internal18CmpHelperEQFailureIiiEENS_15AssertionResultEPKcS4_RKT_RKT0_
FNA:0,0,_ZN7testing8internal18CmpHelperEQFailureImiEENS_15AssertionResultEPKcS4_RKT_RKT0_
FNL:1,1391,1399
FNA:1,11,_ZN7testing8internal11CmpHelperEQINSt7__cxx1112basic_stringIcSt11char_traitsIcESaIcEEEA10_cEENS_15AssertionResultEPKcSB_RKT_RKT0_
FNA:1,1,_ZN7testing8internal11CmpHelperEQINSt7__cxx1112basic_stringIcSt11char_traitsIcESaIcEEEA1_cEENS_15AssertionResultEPKcSB_RKT_RKT0_
FNA:1,21,_ZN7testing8internal11CmpHelperEQIiiEENS_15AssertionResultEPKcS4_RKT_RKT0_
FNA:1,10,_ZN7testing8internal11CmpHelperEQImiEENS_15AssertionResultEPKcS4_RKT_RKT0_
FNL:2,1410,1414
FNA:2,11,_ZN7testing8internal8EqHelper7CompareINSt7__cxx1112basic_stringIcSt11char_traitsIcESaIcEEEA10_cLPv0EEENS_15AssertionResultEPKcSD_RKT_RKT0_
FNA:2,1,_ZN7testing8internal8EqHelper7CompareINSt7__cxx1112basic_stringIcSt11char_traitsIcESaIcEEEA1_cLPv0EEENS_15AssertionResultEPKcSD_RKT_RKT0_
FNA:2,21,_ZN7testing8internal8EqHelper7CompareIiiLPv0EEENS_15AssertionResultEPKcS6_RKT_RKT0_
FNA:2,10,_ZN7testing8internal8EqHelper7CompareImiLPv0EEENS_15AssertionResultEPKcS6_RKT_RKT0_
FNL:3,255,255
FNA:3,0,_ZN7testing4Test14SetUpTestSuiteEv
FNL:4,263,263
FNA:4,0,_ZN7testing4Test17TearDownTestSuiteEv
FNL:5,268,268
FNA:5,0,_ZN7testing4Test16TearDownTestCaseEv
FNL:6,269,269
FNA:6,0,_ZN7testing4Test13SetUpTestCaseEv
FNL:7,356,356
FNA:7,0,_ZN7testing4Test5SetupEv
FNF:8
FNH:2
DA:255,0
DA:263,0
DA:268,0
DA:269,0
DA:356,0
DA:1374,0
DA:1378,0
DA:1379,0
DA:1391,43
DA:1394,43
DA:1395,43
DA:1398,0
DA:1410,43
DA:1413,43
LF:14
LH:5
end_of_record
TN:
SF:/usr/local/include/gtest/internal/gtest-internal.h
FNL:0,1325,1327
FNA:0,0,_ZNK7testing8internal11NeverThrown4whatEv
FNL:1,418,424
FNA:1,24,_ZN7testing8internal9GetTypeIdIN4calc20SimpleCalculatorTestEEEPKvv
FNL:2,437,437
FNA:2,0,_ZN7testing8internal15TestFactoryBaseD0Ev
FNA:2,35,_ZN7testing8internal15TestFactoryBaseD2Ev
FNL:3,444,444
FNA:3,35,_ZN7testing8internal15TestFactoryBaseC2Ev
FNL:4,456,456
FNA:4,1,_ZN7testing8internal15TestFactoryImplIN4calc34SimpleCalculatorTest_Add_Zero_TestEE10CreateTestEv
FNA:4,1,_ZN7testing8internal15TestFactoryImplIN4calc39SimpleCalculatorTest_Multiply_Zero_TestEE10CreateTestEv
FNA:4,1,_ZN7testing8internal15TestFactoryImplIN4calc42SimpleCalculatorTest_Add_MixedNumbers_TestEE10CreateTestEv
FNA:4,1,_ZN7testing8internal15TestFactoryImplIN4calc43SimpleCalculatorTest_Add_CorrectResult_TestEE10CreateTestEv
FNA:4,1,_ZN7testing8internal15TestFactoryImplIN4calc44SimpleCalculatorTest_Add_BoundaryValues_TestEE10CreateTestEv
FNA:4,1,_ZN7testing8internal15TestFactoryImplIN4calc45InMemoryHistoryTest_AddEntry_EmptyString_TestEE10CreateTestEv
FNA:4,1,_ZN7testing8internal15TestFactoryImplIN4calc45SimpleCalculatorTest_Add_NegativeNumbers_TestEE10CreateTestEv
FNA:4,1,_ZN7testing8internal15TestFactoryImplIN4calc45SimpleCalculatorTest_Add_Overflow_Throws_TestEE10CreateTestEv
FNA:4,1,_ZN7testing8internal15TestFactoryImplIN4calc46SimpleCalculatorTest_Divide_ByZero_Throws_TestEE10CreateTestEv
FNA:4,1,_ZN7testing8internal15TestFactoryImplIN4calc46SimpleCalculatorTest_Divide_CorrectResult_TestEE10CreateTestEv
FNA:4,1,_ZN7testing8internal15TestFactoryImplIN4calc46SimpleCalculatorTest_Divide_ZeroNumerator_TestEE10CreateTestEv
FNA:4,1,_ZN7testing8internal15TestFactoryImplIN4calc47InMemoryHistoryTest_History_NoLimitDefined_TestEE10CreateTestEv
FNA:4,1,_ZN7testing8internal15TestFactoryImplIN4calc47SimpleCalculatorTest_Divide_BoundaryValues_TestEE10CreateTestEv
FNA:4,1,_ZN7testing8internal15TestFactoryImplIN4calc47SimpleCalculatorTest_Subtract_MixedNumbers_TestEE10CreateTestEv
FNA:4,1,_ZN7testing8internal15TestFactoryImplIN4calc48SimpleCalculatorTest_Divide_NegativeNumbers_TestEE10CreateTestEv
FNA:4,1,_ZN7testing8internal15TestFactoryImplIN4calc48SimpleCalculatorTest_Multiply_CorrectResult_TestEE10CreateTestEv
FNA:4,1,_ZN7testing8internal15TestFactoryImplIN4calc48SimpleCalculatorTest_Subtract_CorrectResult_TestEE10CreateTestEv
FNA:4,1,_ZN7testing8internal15TestFactoryImplIN4calc49InMemoryHistoryTest_AddEntry_StoresCorrectly_TestEE10CreateTestEv
FNA:4,1,_ZN7testing8internal15TestFactoryImplIN4calc49SimpleCalculatorTest_Multiply_BoundaryValues_TestEE10CreateTestEv
FNA:4,1,_ZN7testing8internal15TestFactoryImplIN4calc50SimpleCalculatorTest_Multiply_NegativeNumbers_TestEE10CreateTestEv
FNA:4,1,_ZN7testing8internal15TestFactoryImplIN4calc50SimpleCalculatorTest_Multiply_Overflow_Throws_TestEE10CreateTestEv
FNA:4,1,_ZN7testing8internal15TestFactoryImplIN4calc50SimpleCalculatorTest_SetHistory_MultipleCalls_TestEE10CreateTestEv
FNA:4,1,_ZN7testing8internal15TestFactoryImplIN4calc50SimpleCalculatorTest_Subtract_NegativeNumbers_TestEE10CreateTestEv
FNA:4,1,_ZN7testing8internal15TestFactoryImplIN4calc50SimpleCalculatorTest_Subtract_Overflow_Throws_TestEE10CreateTestEv
FNA:4,1,_ZN7testing8internal15TestFactoryImplIN4calc52InMemoryHistoryTest_GetLastOperations_ZeroCount_TestEE10CreateTestEv
FNA:4,1,_ZN7testing8internal15TestFactoryImplIN4calc53SimpleCalculatorTest_SetHistory_LogsToNewHistory_TestEE10CreateTestEv
FNA:4,1,_ZN7testing8internal15TestFactoryImplIN4calc55InMemoryHistoryTest_GetLastOperations_EmptyHistory_TestEE10CreateTestEv
FNA:4,1,_ZN7testing8internal15TestFactoryImplIN4calc55InMemoryHistoryTest_GetLastOperations_InvalidCount_TestEE10CreateTestEv
FNA:4,1,_ZN7testing8internal15TestFactoryImplIN4calc56InMemoryHistoryTest_GetLastOperations_RespectsCount_TestEE10CreateTestEv
FNA:4,1,_ZN7testing8internal15TestFactoryImplIN4calc57MockCalculatorTest_CalculatorMock_MultipleOperations_TestEE10CreateTestEv
FNA:4,1,_ZN7testing8internal15TestFactoryImplIN4calc58SimpleCalculatorTest_MultipleOperations_LogsCorrectly_TestEE10CreateTestEv
FNA:4,1,_ZN7testing8internal15TestFactoryImplIN4calc59MockCalculatorTest_CalculatorMock_InteractsWithHistory_TestEE10CreateTestEv
FNA:4,1,_ZN7testing8internal15TestFactoryImplIN4calc59SimpleCalculatorTest_Divide_FractionalResult_Truncates_TestEE10CreateTestEv
FNA:4,1,_ZN7testing8internal15TestFactoryImplIN4calc60InMemoryHistoryTest_GetLastOperations_MoreThanAvailable_TestEE10CreateTestEv
FNA:4,1,_ZN7testing8internal15TestFactoryImplIN4calc64InMemoryHistoryTest_GetLastOperations_SingleEntryLargeCount_TestEE10CreateTestEv
FNL:5,477,478
FNA:5,35,_ZN7testing8internal12CodeLocationC2ENSt7__cxx1112basic_stringIcSt11char_traitsIcESaIcEEEi
FNL:6,490,493
FNA:6,140,_ZN7testing8internal19GetNotDefaultOrNullEPFvvES2_
FNL:7,505,524
FNA:7,24,_ZN7testing8internal16SuiteApiResolverIN4calc20SimpleCalculatorTestEE19GetSetUpCaseOrSuiteEPKci
FNA:7,11,_ZN7testing8internal16SuiteApiResolverINS_4TestEE19GetSetUpCaseOrSuiteEPKci
FNL:8,526,545
FNA:8,24,_ZN7testing8internal16SuiteApiResolverIN4calc20SimpleCalculatorTestEE22GetTearDownCaseOrSuiteEPKci
FNA:8,11,_ZN7testing8internal16SuiteApiResolverINS_4TestEE22GetTearDownCaseOrSuiteEPKci
FNL:9,837,837
FNA:9,4,_ZN7testing8internal14TrueWithStringC2Ev
FNL:10,840,840
FNA:10,4,_ZNK7testing8internal14TrueWithStringcvbEv
FNF:11
FNH:10
DA:418,24
DA:423,24
DA:437,35
DA:444,35
DA:456,70
DA:477,35
DA:478,35
DA:490,140
DA:492,140
DA:505,35
DA:509,35
DA:511,35
DA:513,35
DA:516,0
DA:518,35
DA:526,35
DA:530,35
DA:532,35
DA:534,35
DA:537,0
DA:539,35
DA:837,4
DA:840,4
DA:1325,0
DA:1326,0
LF:25
LH:21
end_of_record
TN:
SF:/usr/local/include/gtest/internal/gtest-port.h
FNL:0,1083,1083
FNA:0,0,_ZN7testing8internal8GTestLog9GetStreamEv
FNL:1,1181,1183
FNA:1,3,_ZN7testing8internal13ImplicitCast_IiEET_S2_
FNL:2,1191,1198
FNA:2,43,_ZN7testing8internal27CheckedDowncastToActualTypeINS0_11ThreadLocalIPNS_8SequenceEE11ValueHolderENS0_26ThreadLocalValueHolderBaseEEEPT_PT0_
FNL:3,1690,1694
FNA:3,558,_ZN7testing8internal9MutexBase4LockEv
FNL:4,1697,1704
FNA:4,558,_ZN7testing8internal9MutexBase6UnlockEv
FNL:5,1708,1711
FNA:5,682,_ZNK7testing8internal9MutexBase10AssertHeldEv
FNL:6,1765,1765
FNA:6,426,_ZN7testing8internal14GTestMutexLockC2EPNS0_9MutexBaseE
FNL:7,1767,1767
FNA:7,426,_ZN7testing8internal14GTestMutexLockD2Ev
FNL:8,1815,1815
FNA:8,38,_ZNK7testing8internal11ThreadLocalIPNS_8SequenceEE7pointerEv
FNL:9,1816,1816
FNA:9,38,_ZNK7testing8internal11ThreadLocalIPNS_8SequenceEE3getEv
FNL:10,1826,1826
FNA:10,44,_ZN7testing8internal11ThreadLocalIPNS_8SequenceEE11ValueHolder7pointerEv
FNL:11,1843,1854
FNA:11,44,_ZNK7testing8internal11ThreadLocalIPNS_8SequenceEE16GetOrCreateValueEv
FNF:12
FNH:11
DA:1083,0
DA:1181,3
DA:1182,3
DA:1191,43
DA:1195,43
DA:1197,43
DA:1690,558
DA:1691,558
DA:1692,558
DA:1693,558
DA:1694,558
DA:1697,558
DA:1702,558
DA:1703,558
DA:1704,558
DA:1708,682
DA:1709,682
DA:1710,0
DA:1711,682
DA:1765,426
DA:1767,426
DA:1815,38
DA:1816,38
DA:1826,44
DA:1843,44
DA:1845,44
DA:1846,44
DA:1847,43
DA:1850,1
DA:1851,1
DA:1852,1
DA:1853,1
LF:32
LH:30
end_of_record
TN:
SF:/usr/local/include/gtest/internal/gtest-type-util.h
FNL:0,61,87
FNA:0,0,_ZN7testing8internal31CanonicalizeForStdLibVersioningENSt7__cxx1112basic_stringIcSt11char_traitsIcESaIcEEE
FNL:1,91,121
FNA:1,0,_ZN7testing8internal11GetTypeNameB5cxx11ERKSt9type_info
FNF:2
FNH:0
DA:61,0
DA:63,0
DA:64,0
DA:65,0
DA:67,0
DA:74,0
DA:75,0
DA:78,0
DA:79,0
DA:80,0
DA:83,0
DA:84,0
DA:86,0
DA:91,0
DA:92,0
DA:94,0
DA:100,0
DA:101,0
DA:102,0
DA:103,0
DA:121,0
LF:21
LH:0
end_of_record
